{"/home/travis/build/npmtest/node-npmtest-roots/test.js":{"path":"/home/travis/build/npmtest/node-npmtest-roots/test.js","s":{"1":2,"2":2,"3":2,"4":2,"5":2,"6":2,"7":2,"8":1,"9":2,"10":2,"11":1,"12":1,"13":1,"14":1,"15":2,"16":2,"17":2,"18":2,"19":1,"20":1,"21":2,"22":2,"23":2,"24":1,"25":1,"26":1,"27":1,"28":1,"29":1,"30":1,"31":1,"32":1,"33":1,"34":1,"35":1,"36":1,"37":1,"38":1,"39":2,"40":2,"41":1,"42":2,"43":2,"44":1,"45":2,"46":2,"47":1,"48":2,"49":2,"50":1,"51":1,"52":1,"53":1,"54":1},"b":{"1":[2,1,1,1],"2":[1,1,1,1],"3":[1,1],"4":[1,1],"5":[1,1],"6":[1,1],"7":[1,1],"8":[1,1],"9":[1,1],"10":[1,1,1],"11":[1,1],"12":[1,1],"13":[1,1],"14":[1,1],"15":[1,1],"16":[1,1],"17":[1,1]},"f":{"1":2,"2":2,"3":2,"4":2,"5":2,"6":1,"7":1,"8":1,"9":2,"10":2,"11":2,"12":2,"13":1},"fnMap":{"1":{"name":"(anonymous_1)","line":12,"loc":{"start":{"line":12,"column":1},"end":{"line":12,"column":13}}},"2":{"name":"(anonymous_2)","line":19,"loc":{"start":{"line":19,"column":5},"end":{"line":19,"column":17}}},"3":{"name":"(anonymous_3)","line":23,"loc":{"start":{"line":23,"column":24},"end":{"line":23,"column":36}}},"4":{"name":"(anonymous_4)","line":61,"loc":{"start":{"line":61,"column":5},"end":{"line":61,"column":17}}},"5":{"name":"(anonymous_5)","line":82,"loc":{"start":{"line":82,"column":5},"end":{"line":82,"column":17}}},"6":{"name":"(anonymous_6)","line":91,"loc":{"start":{"line":91,"column":77},"end":{"line":94,"column":10}}},"7":{"name":"(anonymous_7)","line":112,"loc":{"start":{"line":112,"column":83},"end":{"line":115,"column":10}},"skip":true},"8":{"name":"(anonymous_8)","line":123,"loc":{"start":{"line":123,"column":77},"end":{"line":126,"column":10}},"skip":true},"9":{"name":"(anonymous_9)","line":139,"loc":{"start":{"line":139,"column":12},"end":{"line":139,"column":40}},"skip":true},"10":{"name":"(anonymous_10)","line":147,"loc":{"start":{"line":147,"column":77},"end":{"line":150,"column":10}},"skip":true},"11":{"name":"(anonymous_11)","line":158,"loc":{"start":{"line":158,"column":83},"end":{"line":161,"column":10}},"skip":true},"12":{"name":"(anonymous_12)","line":169,"loc":{"start":{"line":169,"column":79},"end":{"line":172,"column":10}},"skip":true},"13":{"name":"(anonymous_13)","line":180,"loc":{"start":{"line":180,"column":75},"end":{"line":183,"column":10}},"skip":true}},"statementMap":{"1":{"start":{"line":12,"column":0},"end":{"line":195,"column":5}},"2":{"start":{"line":14,"column":4},"end":{"line":14,"column":14}},"3":{"start":{"line":19,"column":4},"end":{"line":56,"column":9}},"4":{"start":{"line":21,"column":8},"end":{"line":21,"column":19}},"5":{"start":{"line":23,"column":8},"end":{"line":35,"column":13}},"6":{"start":{"line":24,"column":12},"end":{"line":34,"column":13}},"7":{"start":{"line":25,"column":16},"end":{"line":28,"column":30}},"8":{"start":{"line":30,"column":16},"end":{"line":33,"column":27}},"9":{"start":{"line":37,"column":8},"end":{"line":39,"column":21}},"10":{"start":{"line":40,"column":8},"end":{"line":53,"column":9}},"11":{"start":{"line":43,"column":12},"end":{"line":46,"column":14}},"12":{"start":{"line":47,"column":12},"end":{"line":47,"column":18}},"13":{"start":{"line":50,"column":12},"end":{"line":51,"column":46}},"14":{"start":{"line":52,"column":12},"end":{"line":52,"column":18}},"15":{"start":{"line":55,"column":8},"end":{"line":55,"column":35}},"16":{"start":{"line":61,"column":4},"end":{"line":63,"column":9}},"17":{"start":{"line":62,"column":8},"end":{"line":62,"column":15}},"18":{"start":{"line":64,"column":4},"end":{"line":77,"column":5}},"19":{"start":{"line":70,"column":8},"end":{"line":70,"column":14}},"20":{"start":{"line":76,"column":8},"end":{"line":76,"column":14}},"21":{"start":{"line":82,"column":4},"end":{"line":84,"column":9}},"22":{"start":{"line":83,"column":8},"end":{"line":83,"column":15}},"23":{"start":{"line":85,"column":4},"end":{"line":194,"column":5}},"24":{"start":{"line":91,"column":8},"end":{"line":99,"column":10}},"25":{"start":{"line":98,"column":12},"end":{"line":98,"column":35}},"26":{"start":{"line":102,"column":8},"end":{"line":104,"column":63}},"27":{"start":{"line":105,"column":8},"end":{"line":105,"column":14}},"28":{"start":{"line":112,"column":8},"end":{"line":121,"column":10},"skip":true},"29":{"start":{"line":119,"column":12},"end":{"line":119,"column":55},"skip":true},"30":{"start":{"line":120,"column":12},"end":{"line":120,"column":48},"skip":true},"31":{"start":{"line":123,"column":8},"end":{"line":136,"column":10},"skip":true},"32":{"start":{"line":130,"column":12},"end":{"line":130,"column":76},"skip":true},"33":{"start":{"line":131,"column":12},"end":{"line":131,"column":73},"skip":true},"34":{"start":{"line":132,"column":12},"end":{"line":132,"column":74},"skip":true},"35":{"start":{"line":133,"column":12},"end":{"line":133,"column":79},"skip":true},"36":{"start":{"line":134,"column":12},"end":{"line":134,"column":25},"skip":true},"37":{"start":{"line":135,"column":12},"end":{"line":135,"column":45},"skip":true},"38":{"start":{"line":138,"column":8},"end":{"line":145,"column":14},"skip":true},"39":{"start":{"line":143,"column":16},"end":{"line":143,"column":29},"skip":true},"40":{"start":{"line":144,"column":16},"end":{"line":144,"column":55},"skip":true},"41":{"start":{"line":147,"column":8},"end":{"line":156,"column":10},"skip":true},"42":{"start":{"line":154,"column":12},"end":{"line":154,"column":25},"skip":true},"43":{"start":{"line":155,"column":12},"end":{"line":155,"column":45},"skip":true},"44":{"start":{"line":158,"column":8},"end":{"line":167,"column":10},"skip":true},"45":{"start":{"line":165,"column":12},"end":{"line":165,"column":25},"skip":true},"46":{"start":{"line":166,"column":12},"end":{"line":166,"column":48},"skip":true},"47":{"start":{"line":169,"column":8},"end":{"line":178,"column":10},"skip":true},"48":{"start":{"line":176,"column":12},"end":{"line":176,"column":25},"skip":true},"49":{"start":{"line":177,"column":12},"end":{"line":177,"column":46},"skip":true},"50":{"start":{"line":180,"column":8},"end":{"line":189,"column":10},"skip":true},"51":{"start":{"line":187,"column":12},"end":{"line":187,"column":94},"skip":true},"52":{"start":{"line":188,"column":12},"end":{"line":188,"column":48},"skip":true},"53":{"start":{"line":192,"column":8},"end":{"line":192,"column":35},"skip":true},"54":{"start":{"line":193,"column":8},"end":{"line":193,"column":14},"skip":true}},"branchMap":{"1":{"line":25,"type":"binary-expr","locations":[{"start":{"line":25,"column":23},"end":{"line":25,"column":62}},{"start":{"line":26,"column":20},"end":{"line":26,"column":70}},{"start":{"line":27,"column":20},"end":{"line":27,"column":71}},{"start":{"line":28,"column":20},"end":{"line":28,"column":29}}]},"2":{"line":30,"type":"binary-expr","locations":[{"start":{"line":30,"column":23},"end":{"line":30,"column":37}},{"start":{"line":31,"column":20},"end":{"line":31,"column":61}},{"start":{"line":32,"column":20},"end":{"line":32,"column":70}},{"start":{"line":33,"column":20},"end":{"line":33,"column":26}}]},"3":{"line":37,"type":"cond-expr","locations":[{"start":{"line":38,"column":14},"end":{"line":38,"column":20}},{"start":{"line":39,"column":14},"end":{"line":39,"column":20}}]},"4":{"line":40,"type":"switch","locations":[{"start":{"line":42,"column":8},"end":{"line":47,"column":18}},{"start":{"line":49,"column":8},"end":{"line":52,"column":18}}]},"5":{"line":44,"type":"binary-expr","locations":[{"start":{"line":44,"column":16},"end":{"line":44,"column":44}},{"start":{"line":44,"column":48},"end":{"line":44,"column":66}}]},"6":{"line":50,"type":"binary-expr","locations":[{"start":{"line":50,"column":21},"end":{"line":50,"column":49}},{"start":{"line":50,"column":53},"end":{"line":50,"column":72}}]},"7":{"line":64,"type":"switch","locations":[{"start":{"line":69,"column":4},"end":{"line":70,"column":14}},{"start":{"line":75,"column":4},"end":{"line":76,"column":14}}]},"8":{"line":85,"type":"switch","locations":[{"start":{"line":90,"column":4},"end":{"line":105,"column":14}},{"start":{"line":111,"column":4},"end":{"line":193,"column":14},"skip":true}]},"9":{"line":91,"type":"binary-expr","locations":[{"start":{"line":91,"column":42},"end":{"line":91,"column":73}},{"start":{"line":91,"column":77},"end":{"line":99,"column":9}}]},"10":{"line":102,"type":"binary-expr","locations":[{"start":{"line":102,"column":18},"end":{"line":102,"column":32}},{"start":{"line":103,"column":12},"end":{"line":103,"column":53}},{"start":{"line":104,"column":12},"end":{"line":104,"column":61}}]},"11":{"line":112,"type":"binary-expr","locations":[{"start":{"line":112,"column":45},"end":{"line":112,"column":79},"skip":true},{"start":{"line":112,"column":83},"end":{"line":121,"column":9},"skip":true}]},"12":{"line":123,"type":"binary-expr","locations":[{"start":{"line":123,"column":42},"end":{"line":123,"column":73},"skip":true},{"start":{"line":123,"column":77},"end":{"line":136,"column":9},"skip":true}]},"13":{"line":138,"type":"binary-expr","locations":[{"start":{"line":138,"column":48},"end":{"line":138,"column":85},"skip":true},{"start":{"line":139,"column":12},"end":{"line":145,"column":13},"skip":true}]},"14":{"line":147,"type":"binary-expr","locations":[{"start":{"line":147,"column":42},"end":{"line":147,"column":73},"skip":true},{"start":{"line":147,"column":77},"end":{"line":156,"column":9},"skip":true}]},"15":{"line":158,"type":"binary-expr","locations":[{"start":{"line":158,"column":45},"end":{"line":158,"column":79},"skip":true},{"start":{"line":158,"column":83},"end":{"line":167,"column":9},"skip":true}]},"16":{"line":169,"type":"binary-expr","locations":[{"start":{"line":169,"column":43},"end":{"line":169,"column":75},"skip":true},{"start":{"line":169,"column":79},"end":{"line":178,"column":9},"skip":true}]},"17":{"line":180,"type":"binary-expr","locations":[{"start":{"line":180,"column":41},"end":{"line":180,"column":71},"skip":true},{"start":{"line":180,"column":75},"end":{"line":189,"column":9},"skip":true}]}},"code":["/* istanbul instrument in package npmtest_roots */","/*jslint","    bitwise: true,","    browser: true,","    maxerr: 8,","    maxlen: 96,","    node: true,","    nomen: true,","    regexp: true,","    stupid: true","*/","(function () {","    'use strict';","    var local;","","","","    // run shared js-env code - pre-init","    (function () {","        // init local","        local = {};","        // init modeJs","        local.modeJs = (function () {","            try {","                return typeof navigator.userAgent === 'string' &&","                    typeof document.querySelector('body') === 'object' &&","                    typeof XMLHttpRequest.prototype.open === 'function' &&","                    'browser';","            } catch (errorCaughtBrowser) {","                return module.exports &&","                    typeof process.versions.node === 'string' &&","                    typeof require('http').createServer === 'function' &&","                    'node';","            }","        }());","        // init global","        local.global = local.modeJs === 'browser'","            ? window","            : global;","        switch (local.modeJs) {","        // re-init local from window.local","        case 'browser':","            local = local.global.utility2.objectSetDefault(","                local.global.utility2_rollup || local.global.local,","                local.global.utility2","            );","            break;","        // re-init local from example.js","        case 'node':","            local = (local.global.utility2_rollup || require('utility2'))","                .requireExampleJsFromReadme();","            break;","        }","        // export local","        local.global.local = local;","    }());","","","","    // run shared js-env code - function","    (function () {","        return;","    }());","    switch (local.modeJs) {","","","","    // run browser js-env code - function","    case 'browser':","        break;","","","","    // run node js-env code - function","    case 'node':","        break;","    }","","","","    // run shared js-env code - post-init","    (function () {","        return;","    }());","    switch (local.modeJs) {","","","","    // run browser js-env code - post-init","    case 'browser':","        local.testCase_browser_nullCase = local.testCase_browser_nullCase || function (","            options,","            onError","        ) {","        /*","         * this function will test browsers's null-case handling-behavior-behavior","         */","            onError(null, options);","        };","","        // run tests","        local.nop(local.modeTest &&","            document.querySelector('#testRunButton1') &&","            document.querySelector('#testRunButton1').click());","        break;","","","","    // run node js-env code - post-init","    /* istanbul ignore next */","    case 'node':","        local.testCase_buildApidoc_default = local.testCase_buildApidoc_default || function (","            options,","            onError","        ) {","        /*","         * this function will test buildApidoc's default handling-behavior-behavior","         */","            options = { modulePathList: module.paths };","            local.buildApidoc(options, onError);","        };","","        local.testCase_buildApp_default = local.testCase_buildApp_default || function (","            options,","            onError","        ) {","        /*","         * this function will test buildApp's default handling-behavior-behavior","         */","            local.testCase_buildReadme_default(options, local.onErrorThrow);","            local.testCase_buildLib_default(options, local.onErrorThrow);","            local.testCase_buildTest_default(options, local.onErrorThrow);","            local.testCase_buildCustomOrg_default(options, local.onErrorThrow);","            options = [];","            local.buildApp(options, onError);","        };","","        local.testCase_buildCustomOrg_default = local.testCase_buildCustomOrg_default ||","            function (options, onError) {","            /*","             * this function will test buildCustomOrg's default handling-behavior","             */","                options = {};","                local.buildCustomOrg(options, onError);","            };","","        local.testCase_buildLib_default = local.testCase_buildLib_default || function (","            options,","            onError","        ) {","        /*","         * this function will test buildLib's default handling-behavior","         */","            options = {};","            local.buildLib(options, onError);","        };","","        local.testCase_buildReadme_default = local.testCase_buildReadme_default || function (","            options,","            onError","        ) {","        /*","         * this function will test buildReadme's default handling-behavior-behavior","         */","            options = {};","            local.buildReadme(options, onError);","        };","","        local.testCase_buildTest_default = local.testCase_buildTest_default || function (","            options,","            onError","        ) {","        /*","         * this function will test buildTest's default handling-behavior","         */","            options = {};","            local.buildTest(options, onError);","        };","","        local.testCase_webpage_default = local.testCase_webpage_default || function (","            options,","            onError","        ) {","        /*","         * this function will test webpage's default handling-behavior","         */","            options = { modeCoverageMerge: true, url: local.serverLocalHost + '?modeTest=1' };","            local.browserTest(options, onError);","        };","","        // run test-server","        local.testRunServer(local);","        break;","    }","}());",""],"l":{"12":2,"14":2,"19":2,"21":2,"23":2,"24":2,"25":2,"30":1,"37":2,"40":2,"43":1,"47":1,"50":1,"52":1,"55":2,"61":2,"62":2,"64":2,"70":1,"76":1,"82":2,"83":2,"85":2,"91":1,"98":1,"102":1,"105":1,"112":1,"119":1,"120":1,"123":1,"130":1,"131":1,"132":1,"133":1,"134":1,"135":1,"138":1,"143":2,"144":2,"147":1,"154":2,"155":2,"158":1,"165":2,"166":2,"169":1,"176":2,"177":2,"180":1,"187":1,"188":1,"192":1,"193":1}},"/home/travis/build/npmtest/node-npmtest-roots/lib.npmtest_roots.js":{"path":"/home/travis/build/npmtest/node-npmtest-roots/lib.npmtest_roots.js","s":{"1":2,"2":2,"3":2,"4":2,"5":2,"6":2,"7":2,"8":1,"9":2,"10":2,"11":2,"12":2,"13":1,"14":1,"15":1,"16":1},"b":{"1":[2,1,1,1],"2":[1,1,1,1],"3":[1,1],"4":[2,2],"5":[1,1]},"f":{"1":2,"2":2,"3":2},"fnMap":{"1":{"name":"(anonymous_1)","line":12,"loc":{"start":{"line":12,"column":1},"end":{"line":12,"column":13}}},"2":{"name":"(anonymous_2)","line":19,"loc":{"start":{"line":19,"column":5},"end":{"line":19,"column":17}}},"3":{"name":"(anonymous_3)","line":23,"loc":{"start":{"line":23,"column":24},"end":{"line":23,"column":36}}}},"statementMap":{"1":{"start":{"line":12,"column":0},"end":{"line":53,"column":5}},"2":{"start":{"line":14,"column":4},"end":{"line":14,"column":14}},"3":{"start":{"line":19,"column":4},"end":{"line":52,"column":9}},"4":{"start":{"line":21,"column":8},"end":{"line":21,"column":19}},"5":{"start":{"line":23,"column":8},"end":{"line":35,"column":13}},"6":{"start":{"line":24,"column":12},"end":{"line":34,"column":13}},"7":{"start":{"line":25,"column":16},"end":{"line":28,"column":30}},"8":{"start":{"line":30,"column":16},"end":{"line":33,"column":27}},"9":{"start":{"line":37,"column":8},"end":{"line":39,"column":21}},"10":{"start":{"line":41,"column":8},"end":{"line":41,"column":54}},"11":{"start":{"line":43,"column":8},"end":{"line":43,"column":50}},"12":{"start":{"line":45,"column":8},"end":{"line":51,"column":9}},"13":{"start":{"line":46,"column":12},"end":{"line":46,"column":56}},"14":{"start":{"line":48,"column":12},"end":{"line":48,"column":35}},"15":{"start":{"line":49,"column":12},"end":{"line":49,"column":49}},"16":{"start":{"line":50,"column":12},"end":{"line":50,"column":43}}},"branchMap":{"1":{"line":25,"type":"binary-expr","locations":[{"start":{"line":25,"column":23},"end":{"line":25,"column":62}},{"start":{"line":26,"column":20},"end":{"line":26,"column":70}},{"start":{"line":27,"column":20},"end":{"line":27,"column":71}},{"start":{"line":28,"column":20},"end":{"line":28,"column":29}}]},"2":{"line":30,"type":"binary-expr","locations":[{"start":{"line":30,"column":23},"end":{"line":30,"column":37}},{"start":{"line":31,"column":20},"end":{"line":31,"column":61}},{"start":{"line":32,"column":20},"end":{"line":32,"column":70}},{"start":{"line":33,"column":20},"end":{"line":33,"column":26}}]},"3":{"line":37,"type":"cond-expr","locations":[{"start":{"line":38,"column":14},"end":{"line":38,"column":20}},{"start":{"line":39,"column":14},"end":{"line":39,"column":20}}]},"4":{"line":41,"type":"binary-expr","locations":[{"start":{"line":41,"column":16},"end":{"line":41,"column":44}},{"start":{"line":41,"column":48},"end":{"line":41,"column":53}}]},"5":{"line":45,"type":"if","locations":[{"start":{"line":45,"column":8},"end":{"line":45,"column":8}},{"start":{"line":45,"column":8},"end":{"line":45,"column":8}}]}},"code":["/* istanbul instrument in package npmtest_roots */","/*jslint","    bitwise: true,","    browser: true,","    maxerr: 8,","    maxlen: 96,","    node: true,","    nomen: true,","    regexp: true,","    stupid: true","*/","(function () {","    'use strict';","    var local;","","","","    // run shared js-env code - pre-init","    (function () {","        // init local","        local = {};","        // init modeJs","        local.modeJs = (function () {","            try {","                return typeof navigator.userAgent === 'string' &&","                    typeof document.querySelector('body') === 'object' &&","                    typeof XMLHttpRequest.prototype.open === 'function' &&","                    'browser';","            } catch (errorCaughtBrowser) {","                return module.exports &&","                    typeof process.versions.node === 'string' &&","                    typeof require('http').createServer === 'function' &&","                    'node';","            }","        }());","        // init global","        local.global = local.modeJs === 'browser'","            ? window","            : global;","        // init utility2_rollup","        local = local.global.utility2_rollup || local;","        // init lib","        local.local = local.npmtest_roots = local;","        // init exports","        if (local.modeJs === 'browser') {","            local.global.utility2_npmtest_roots = local;","        } else {","            module.exports = local;","            module.exports.__dirname = __dirname;","            module.exports.module = module;","        }","    }());","}());",""],"l":{"12":2,"14":2,"19":2,"21":2,"23":2,"24":2,"25":2,"30":1,"37":2,"41":2,"43":2,"45":2,"46":1,"48":1,"49":1,"50":1}},"/home/travis/build/npmtest/node-npmtest-roots/example.js":{"path":"/home/travis/build/npmtest/node-npmtest-roots/example.js","s":{"1":2,"2":2,"3":2,"4":2,"5":2,"6":2,"7":2,"8":1,"9":2,"10":2,"11":2,"12":2,"13":1,"14":2,"15":2,"16":2,"17":2,"18":2,"19":0,"20":2,"21":1,"22":1,"23":1,"24":1,"25":1,"26":0,"27":0,"28":1,"29":1,"30":2,"31":0,"32":0,"33":0,"34":1,"35":2,"36":2,"37":3,"38":3,"39":3,"40":3,"41":0,"42":3,"43":3,"44":3,"45":1,"46":3,"47":1,"48":1,"49":1,"50":1,"51":1,"52":1,"53":1,"54":1,"55":1,"56":1,"57":0,"58":1,"59":6,"60":6,"61":1,"62":2,"63":0,"64":2,"65":1,"66":1,"67":0,"68":0,"69":0,"70":0,"71":0,"72":0,"73":0,"74":0,"75":0,"76":0,"77":0,"78":0,"79":0,"80":0,"81":0,"82":0,"83":0},"b":{"1":[2,1,1,1],"2":[1,1,1,1],"3":[1,1],"4":[2,2],"5":[1,1],"6":[1,1],"7":[2,0],"8":[2,1,1,1,1,1],"9":[0,2,0],"10":[1,1],"11":[2,1,1],"12":[1,0],"13":[0,2],"14":[2,0,0,0,0,0,0],"15":[0,3],"16":[3,0],"17":[1,1],"18":[0,1],"19":[1,2,0,2],"20":[1,0],"21":[1,1],"22":[0,0],"23":[0,0],"24":[0,0],"25":[0,0],"26":[0,0],"27":[0,0],"28":[0,0]},"f":{"1":2,"2":2,"3":2,"4":2,"5":2,"6":2,"7":3,"8":3,"9":3,"10":1,"11":6,"12":0},"fnMap":{"1":{"name":"(anonymous_1)","line":26,"loc":{"start":{"line":26,"column":1},"end":{"line":26,"column":13}}},"2":{"name":"(anonymous_2)","line":33,"loc":{"start":{"line":33,"column":5},"end":{"line":33,"column":17}}},"3":{"name":"(anonymous_3)","line":37,"loc":{"start":{"line":37,"column":24},"end":{"line":37,"column":36}}},"4":{"name":"(anonymous_4)","line":69,"loc":{"start":{"line":69,"column":31},"end":{"line":69,"column":48}},"skip":true},"5":{"name":"(anonymous_5)","line":78,"loc":{"start":{"line":78,"column":26},"end":{"line":78,"column":45}},"skip":true},"6":{"name":"(anonymous_6)","line":123,"loc":{"start":{"line":123,"column":33},"end":{"line":123,"column":48}},"skip":true},"7":{"name":"(anonymous_7)","line":125,"loc":{"start":{"line":125,"column":27},"end":{"line":125,"column":39}},"skip":true},"8":{"name":"(anonymous_8)","line":133,"loc":{"start":{"line":133,"column":59},"end":{"line":133,"column":74}},"skip":true},"9":{"name":"(anonymous_9)","line":143,"loc":{"start":{"line":143,"column":45},"end":{"line":143,"column":62}},"skip":true},"10":{"name":"(anonymous_10)","line":144,"loc":{"start":{"line":144,"column":73},"end":{"line":144,"column":92}},"skip":true},"11":{"name":"(anonymous_11)","line":272,"loc":{"start":{"line":272,"column":51},"end":{"line":272,"column":77}},"skip":true},"12":{"name":"(anonymous_12)","line":315,"loc":{"start":{"line":315,"column":32},"end":{"line":315,"column":61}},"skip":true}},"statementMap":{"1":{"start":{"line":26,"column":0},"end":{"line":326,"column":5}},"2":{"start":{"line":28,"column":4},"end":{"line":28,"column":14}},"3":{"start":{"line":33,"column":4},"end":{"line":60,"column":9}},"4":{"start":{"line":35,"column":8},"end":{"line":35,"column":19}},"5":{"start":{"line":37,"column":8},"end":{"line":49,"column":13}},"6":{"start":{"line":38,"column":12},"end":{"line":48,"column":13}},"7":{"start":{"line":39,"column":16},"end":{"line":42,"column":30}},"8":{"start":{"line":44,"column":16},"end":{"line":47,"column":27}},"9":{"start":{"line":51,"column":8},"end":{"line":53,"column":21}},"10":{"start":{"line":55,"column":8},"end":{"line":57,"column":45}},"11":{"start":{"line":59,"column":8},"end":{"line":59,"column":35}},"12":{"start":{"line":61,"column":4},"end":{"line":325,"column":5}},"13":{"start":{"line":69,"column":8},"end":{"line":121,"column":10},"skip":true},"14":{"start":{"line":70,"column":12},"end":{"line":88,"column":13},"skip":true},"15":{"start":{"line":76,"column":16},"end":{"line":87,"column":19},"skip":true},"16":{"start":{"line":79,"column":20},"end":{"line":86,"column":21},"skip":true},"17":{"start":{"line":82,"column":24},"end":{"line":82,"column":43},"skip":true},"18":{"start":{"line":83,"column":24},"end":{"line":83,"column":30},"skip":true},"19":{"start":{"line":85,"column":24},"end":{"line":85,"column":49},"skip":true},"20":{"start":{"line":89,"column":12},"end":{"line":107,"column":13},"skip":true},"21":{"start":{"line":92,"column":16},"end":{"line":102,"column":17},"skip":true},"22":{"start":{"line":93,"column":20},"end":{"line":93,"column":86},"skip":true},"23":{"start":{"line":94,"column":20},"end":{"line":95,"column":45},"skip":true},"24":{"start":{"line":96,"column":20},"end":{"line":96,"column":42},"skip":true},"25":{"start":{"line":97,"column":20},"end":{"line":97,"column":48},"skip":true},"26":{"start":{"line":100,"column":20},"end":{"line":100,"column":85},"skip":true},"27":{"start":{"line":101,"column":20},"end":{"line":101,"column":96},"skip":true},"28":{"start":{"line":103,"column":16},"end":{"line":103,"column":22},"skip":true},"29":{"start":{"line":106,"column":16},"end":{"line":106,"column":22},"skip":true},"30":{"start":{"line":108,"column":12},"end":{"line":120,"column":13},"skip":true},"31":{"start":{"line":114,"column":16},"end":{"line":119,"column":17},"skip":true},"32":{"start":{"line":116,"column":20},"end":{"line":116,"column":78},"skip":true},"33":{"start":{"line":118,"column":20},"end":{"line":118,"column":47},"skip":true},"34":{"start":{"line":123,"column":8},"end":{"line":141,"column":11},"skip":true},"35":{"start":{"line":124,"column":12},"end":{"line":124,"column":54},"skip":true},"36":{"start":{"line":125,"column":12},"end":{"line":140,"column":14},"skip":true},"37":{"start":{"line":126,"column":16},"end":{"line":126,"column":28},"skip":true},"38":{"start":{"line":127,"column":16},"end":{"line":127,"column":69},"skip":true},"39":{"start":{"line":128,"column":16},"end":{"line":128,"column":75},"skip":true},"40":{"start":{"line":129,"column":16},"end":{"line":131,"column":17},"skip":true},"41":{"start":{"line":130,"column":20},"end":{"line":130,"column":27},"skip":true},"42":{"start":{"line":133,"column":16},"end":{"line":137,"column":36},"skip":true},"43":{"start":{"line":134,"column":20},"end":{"line":136,"column":55},"skip":true},"44":{"start":{"line":139,"column":16},"end":{"line":139,"column":57},"skip":true},"45":{"start":{"line":143,"column":8},"end":{"line":147,"column":11},"skip":true},"46":{"start":{"line":144,"column":12},"end":{"line":146,"column":15},"skip":true},"47":{"start":{"line":145,"column":16},"end":{"line":145,"column":70},"skip":true},"48":{"start":{"line":149,"column":8},"end":{"line":149,"column":31},"skip":true},"49":{"start":{"line":150,"column":8},"end":{"line":150,"column":14},"skip":true},"50":{"start":{"line":158,"column":8},"end":{"line":158,"column":31},"skip":true},"51":{"start":{"line":160,"column":8},"end":{"line":160,"column":33},"skip":true},"52":{"start":{"line":161,"column":8},"end":{"line":161,"column":37},"skip":true},"53":{"start":{"line":162,"column":8},"end":{"line":162,"column":35},"skip":true},"54":{"start":{"line":164,"column":8},"end":{"line":164,"column":50},"skip":true},"55":{"start":{"line":166,"column":8},"end":{"line":256,"column":2},"skip":true},"56":{"start":{"line":258,"column":8},"end":{"line":286,"column":9},"skip":true},"57":{"start":{"line":259,"column":12},"end":{"line":269,"column":14},"skip":true},"58":{"start":{"line":271,"column":12},"end":{"line":285,"column":19},"skip":true},"59":{"start":{"line":274,"column":20},"end":{"line":274,"column":35},"skip":true},"60":{"start":{"line":275,"column":20},"end":{"line":284,"column":21},"skip":true},"61":{"start":{"line":277,"column":24},"end":{"line":277,"column":64},"skip":true},"62":{"start":{"line":279,"column":24},"end":{"line":279,"column":40},"skip":true},"63":{"start":{"line":281,"column":24},"end":{"line":281,"column":40},"skip":true},"64":{"start":{"line":283,"column":24},"end":{"line":283,"column":39},"skip":true},"65":{"start":{"line":288,"column":8},"end":{"line":290,"column":9},"skip":true},"66":{"start":{"line":289,"column":12},"end":{"line":289,"column":18},"skip":true},"67":{"start":{"line":291,"column":8},"end":{"line":293,"column":54},"skip":true},"68":{"start":{"line":296,"column":8},"end":{"line":301,"column":37},"skip":true},"69":{"start":{"line":303,"column":8},"end":{"line":303,"column":82},"skip":true},"70":{"start":{"line":306,"column":8},"end":{"line":308,"column":9},"skip":true},"71":{"start":{"line":307,"column":12},"end":{"line":307,"column":82},"skip":true},"72":{"start":{"line":310,"column":8},"end":{"line":312,"column":9},"skip":true},"73":{"start":{"line":311,"column":12},"end":{"line":311,"column":18},"skip":true},"74":{"start":{"line":313,"column":8},"end":{"line":313,"column":54},"skip":true},"75":{"start":{"line":314,"column":8},"end":{"line":314,"column":69},"skip":true},"76":{"start":{"line":315,"column":8},"end":{"line":323,"column":36},"skip":true},"77":{"start":{"line":316,"column":12},"end":{"line":316,"column":61},"skip":true},"78":{"start":{"line":317,"column":12},"end":{"line":320,"column":13},"skip":true},"79":{"start":{"line":318,"column":16},"end":{"line":318,"column":75},"skip":true},"80":{"start":{"line":319,"column":16},"end":{"line":319,"column":23},"skip":true},"81":{"start":{"line":321,"column":12},"end":{"line":321,"column":38},"skip":true},"82":{"start":{"line":322,"column":12},"end":{"line":322,"column":27},"skip":true},"83":{"start":{"line":324,"column":8},"end":{"line":324,"column":14},"skip":true}},"branchMap":{"1":{"line":39,"type":"binary-expr","locations":[{"start":{"line":39,"column":23},"end":{"line":39,"column":62}},{"start":{"line":40,"column":20},"end":{"line":40,"column":70}},{"start":{"line":41,"column":20},"end":{"line":41,"column":71}},{"start":{"line":42,"column":20},"end":{"line":42,"column":29}}]},"2":{"line":44,"type":"binary-expr","locations":[{"start":{"line":44,"column":23},"end":{"line":44,"column":37}},{"start":{"line":45,"column":20},"end":{"line":45,"column":61}},{"start":{"line":46,"column":20},"end":{"line":46,"column":70}},{"start":{"line":47,"column":20},"end":{"line":47,"column":26}}]},"3":{"line":51,"type":"cond-expr","locations":[{"start":{"line":52,"column":14},"end":{"line":52,"column":20}},{"start":{"line":53,"column":14},"end":{"line":53,"column":20}}]},"4":{"line":55,"type":"binary-expr","locations":[{"start":{"line":55,"column":16},"end":{"line":55,"column":44}},{"start":{"line":55,"column":49},"end":{"line":57,"column":43}}]},"5":{"line":55,"type":"cond-expr","locations":[{"start":{"line":56,"column":14},"end":{"line":56,"column":49}},{"start":{"line":57,"column":14},"end":{"line":57,"column":43}}]},"6":{"line":61,"type":"switch","locations":[{"start":{"line":68,"column":4},"end":{"line":150,"column":14},"skip":true},{"start":{"line":156,"column":4},"end":{"line":324,"column":14},"skip":true}]},"7":{"line":70,"type":"if","locations":[{"start":{"line":70,"column":12},"end":{"line":70,"column":12},"skip":true},{"start":{"line":70,"column":12},"end":{"line":70,"column":12},"skip":true}]},"8":{"line":70,"type":"binary-expr","locations":[{"start":{"line":70,"column":16},"end":{"line":70,"column":22},"skip":true},{"start":{"line":70,"column":27},"end":{"line":70,"column":32},"skip":true},{"start":{"line":71,"column":20},"end":{"line":71,"column":39},"skip":true},{"start":{"line":72,"column":20},"end":{"line":72,"column":49},"skip":true},{"start":{"line":73,"column":20},"end":{"line":73,"column":58},"skip":true},{"start":{"line":74,"column":20},"end":{"line":74,"column":69},"skip":true}]},"9":{"line":79,"type":"switch","locations":[{"start":{"line":80,"column":20},"end":{"line":80,"column":33},"skip":true},{"start":{"line":81,"column":20},"end":{"line":83,"column":30},"skip":true},{"start":{"line":84,"column":20},"end":{"line":85,"column":49},"skip":true}]},"10":{"line":89,"type":"switch","locations":[{"start":{"line":90,"column":12},"end":{"line":103,"column":22},"skip":true},{"start":{"line":105,"column":12},"end":{"line":106,"column":22},"skip":true}]},"11":{"line":89,"type":"binary-expr","locations":[{"start":{"line":89,"column":20},"end":{"line":89,"column":25},"skip":true},{"start":{"line":89,"column":29},"end":{"line":89,"column":48},"skip":true},{"start":{"line":89,"column":52},"end":{"line":89,"column":74},"skip":true}]},"12":{"line":92,"type":"if","locations":[{"start":{"line":92,"column":16},"end":{"line":92,"column":16},"skip":true},{"start":{"line":92,"column":16},"end":{"line":92,"column":16},"skip":true}]},"13":{"line":108,"type":"if","locations":[{"start":{"line":108,"column":12},"end":{"line":108,"column":12},"skip":true},{"start":{"line":108,"column":12},"end":{"line":108,"column":12},"skip":true}]},"14":{"line":108,"type":"binary-expr","locations":[{"start":{"line":108,"column":16},"end":{"line":108,"column":61},"skip":true},{"start":{"line":108,"column":66},"end":{"line":108,"column":72},"skip":true},{"start":{"line":108,"column":77},"end":{"line":108,"column":82},"skip":true},{"start":{"line":109,"column":20},"end":{"line":109,"column":39},"skip":true},{"start":{"line":110,"column":20},"end":{"line":110,"column":49},"skip":true},{"start":{"line":111,"column":20},"end":{"line":111,"column":58},"skip":true},{"start":{"line":112,"column":20},"end":{"line":112,"column":68},"skip":true}]},"15":{"line":129,"type":"if","locations":[{"start":{"line":129,"column":16},"end":{"line":129,"column":16},"skip":true},{"start":{"line":129,"column":16},"end":{"line":129,"column":16},"skip":true}]},"16":{"line":134,"type":"cond-expr","locations":[{"start":{"line":135,"column":26},"end":{"line":135,"column":29},"skip":true},{"start":{"line":136,"column":26},"end":{"line":136,"column":54},"skip":true}]},"17":{"line":164,"type":"binary-expr","locations":[{"start":{"line":164,"column":27},"end":{"line":164,"column":43},"skip":true},{"start":{"line":164,"column":47},"end":{"line":164,"column":49},"skip":true}]},"18":{"line":258,"type":"if","locations":[{"start":{"line":258,"column":8},"end":{"line":258,"column":8},"skip":true},{"start":{"line":258,"column":8},"end":{"line":258,"column":8},"skip":true}]},"19":{"line":275,"type":"switch","locations":[{"start":{"line":276,"column":20},"end":{"line":277,"column":64},"skip":true},{"start":{"line":278,"column":20},"end":{"line":279,"column":40},"skip":true},{"start":{"line":280,"column":20},"end":{"line":281,"column":40},"skip":true},{"start":{"line":282,"column":20},"end":{"line":283,"column":39},"skip":true}]},"20":{"line":288,"type":"if","locations":[{"start":{"line":288,"column":8},"end":{"line":288,"column":8},"skip":true},{"start":{"line":288,"column":8},"end":{"line":288,"column":8},"skip":true}]},"21":{"line":288,"type":"binary-expr","locations":[{"start":{"line":288,"column":12},"end":{"line":288,"column":40},"skip":true},{"start":{"line":288,"column":44},"end":{"line":288,"column":67},"skip":true}]},"22":{"line":292,"type":"binary-expr","locations":[{"start":{"line":292,"column":12},"end":{"line":292,"column":50},"skip":true},{"start":{"line":293,"column":12},"end":{"line":293,"column":53},"skip":true}]},"23":{"line":297,"type":"binary-expr","locations":[{"start":{"line":297,"column":12},"end":{"line":297,"column":63},"skip":true},{"start":{"line":298,"column":12},"end":{"line":301,"column":36},"skip":true}]},"24":{"line":303,"type":"binary-expr","locations":[{"start":{"line":303,"column":43},"end":{"line":303,"column":75},"skip":true},{"start":{"line":303,"column":79},"end":{"line":303,"column":81},"skip":true}]},"25":{"line":306,"type":"if","locations":[{"start":{"line":306,"column":8},"end":{"line":306,"column":8},"skip":true},{"start":{"line":306,"column":8},"end":{"line":306,"column":8},"skip":true}]},"26":{"line":310,"type":"if","locations":[{"start":{"line":310,"column":8},"end":{"line":310,"column":8},"skip":true},{"start":{"line":310,"column":8},"end":{"line":310,"column":8},"skip":true}]},"27":{"line":313,"type":"binary-expr","locations":[{"start":{"line":313,"column":27},"end":{"line":313,"column":43},"skip":true},{"start":{"line":313,"column":47},"end":{"line":313,"column":53},"skip":true}]},"28":{"line":317,"type":"if","locations":[{"start":{"line":317,"column":12},"end":{"line":317,"column":12},"skip":true},{"start":{"line":317,"column":12},"end":{"line":317,"column":12},"skip":true}]}},"code":["/*","example.js","","quickstart example","","instruction","    1. save this script as example.js","    2. run the shell command:","        $ npm install npmtest-roots && PORT=8081 node example.js","    3. play with the browser-demo on http://127.0.0.1:8081","*/","","","","/* istanbul instrument in package npmtest_roots */","/*jslint","    bitwise: true,","    browser: true,","    maxerr: 8,","    maxlen: 96,","    node: true,","    nomen: true,","    regexp: true,","    stupid: true","*/","(function () {","    'use strict';","    var local;","","","","    // run shared js-env code - pre-init","    (function () {","        // init local","        local = {};","        // init modeJs","        local.modeJs = (function () {","            try {","                return typeof navigator.userAgent === 'string' &&","                    typeof document.querySelector('body') === 'object' &&","                    typeof XMLHttpRequest.prototype.open === 'function' &&","                    'browser';","            } catch (errorCaughtBrowser) {","                return module.exports &&","                    typeof process.versions.node === 'string' &&","                    typeof require('http').createServer === 'function' &&","                    'node';","            }","        }());","        // init global","        local.global = local.modeJs === 'browser'","            ? window","            : global;","        // init utility2_rollup","        local = local.global.utility2_rollup || (local.modeJs === 'browser'","            ? local.global.utility2_npmtest_roots","            : global.utility2_moduleExports);","        // export local","        local.global.local = local;","    }());","    switch (local.modeJs) {","","","","    // post-init","    // run browser js-env code - post-init","    /* istanbul ignore next */","    case 'browser':","        local.testRunBrowser = function (event) {","            if (!event || (event &&","                    event.currentTarget &&","                    event.currentTarget.className &&","                    event.currentTarget.className.includes &&","                    event.currentTarget.className.includes('onreset'))) {","                // reset output","                Array.from(","                    document.querySelectorAll('body > .resettable')","                ).forEach(function (element) {","                    switch (element.tagName) {","                    case 'INPUT':","                    case 'TEXTAREA':","                        element.value = '';","                        break;","                    default:","                        element.textContent = '';","                    }","                });","            }","            switch (event && event.currentTarget && event.currentTarget.id) {","            case 'testRunButton1':","                // show tests","                if (document.querySelector('#testReportDiv1').style.display === 'none') {","                    document.querySelector('#testReportDiv1').style.display = 'block';","                    document.querySelector('#testRunButton1').textContent =","                        'hide internal test';","                    local.modeTest = true;","                    local.testRunDefault(local);","                // hide tests","                } else {","                    document.querySelector('#testReportDiv1').style.display = 'none';","                    document.querySelector('#testRunButton1').textContent = 'run internal test';","                }","                break;","            // custom-case","            default:","                break;","            }","            if (document.querySelector('#inputTextareaEval1') && (!event || (event &&","                    event.currentTarget &&","                    event.currentTarget.className &&","                    event.currentTarget.className.includes &&","                    event.currentTarget.className.includes('oneval')))) {","                // try to eval input-code","                try {","                    /*jslint evil: true*/","                    eval(document.querySelector('#inputTextareaEval1').value);","                } catch (errorCaught) {","                    console.error(errorCaught);","                }","            }","        };","        // log stderr and stdout to #outputTextareaStdout1","        ['error', 'log'].forEach(function (key) {","            console[key + '_original'] = console[key];","            console[key] = function () {","                var element;","                console[key + '_original'].apply(console, arguments);","                element = document.querySelector('#outputTextareaStdout1');","                if (!element) {","                    return;","                }","                // append text to #outputTextareaStdout1","                element.value += Array.from(arguments).map(function (arg) {","                    return typeof arg === 'string'","                        ? arg","                        : JSON.stringify(arg, null, 4);","                }).join(' ') + '\\n';","                // scroll textarea to bottom","                element.scrollTop = element.scrollHeight;","            };","        });","        // init event-handling","        ['change', 'click', 'keyup'].forEach(function (event) {","            Array.from(document.querySelectorAll('.on' + event)).forEach(function (element) {","                element.addEventListener(event, local.testRunBrowser);","            });","        });","        // run tests","        local.testRunBrowser();","        break;","","","","    // run node js-env code - post-init","    /* istanbul ignore next */","    case 'node':","        // export local","        module.exports = local;","        // require modules","        local.fs = require('fs');","        local.http = require('http');","        local.url = require('url');","        // init assets","        local.assetsDict = local.assetsDict || {};","        /* jslint-ignore-begin */","        local.assetsDict['/assets.index.template.html'] = '\\","<!doctype html>\\n\\","<html lang=\"en\">\\n\\","<head>\\n\\","<meta charset=\"UTF-8\">\\n\\","<meta name=\"viewport\" content=\"width=device-width, initial-scale=1\">\\n\\","<title>{{env.npm_package_name}} (v{{env.npm_package_version}})</title>\\n\\","<style>\\n\\","/*csslint\\n\\","    box-sizing: false,\\n\\","    universal-selector: false\\n\\","*/\\n\\","* {\\n\\","    box-sizing: border-box;\\n\\","}\\n\\","body {\\n\\","    background: #dde;\\n\\","    font-family: Arial, Helvetica, sans-serif;\\n\\","    margin: 2rem;\\n\\","}\\n\\","body > * {\\n\\","    margin-bottom: 1rem;\\n\\","}\\n\\",".utility2FooterDiv {\\n\\","    margin-top: 20px;\\n\\","    text-align: center;\\n\\","}\\n\\","</style>\\n\\","<style>\\n\\","/*csslint\\n\\","*/\\n\\","textarea {\\n\\","    font-family: monospace;\\n\\","    height: 10rem;\\n\\","    width: 100%;\\n\\","}\\n\\","textarea[readonly] {\\n\\","    background: #ddd;\\n\\","}\\n\\","</style>\\n\\","</head>\\n\\","<body>\\n\\","<!-- utility2-comment\\n\\","<div id=\"ajaxProgressDiv1\" style=\"background: #d00; height: 2px; left: 0; margin: 0; padding: 0; position: fixed; top: 0; transition: background 0.5s, width 1.5s; width: 25%;\"></div>\\n\\","utility2-comment -->\\n\\","<h1>\\n\\","<!-- utility2-comment\\n\\","    <a\\n\\","        {{#if env.npm_package_homepage}}\\n\\","        href=\"{{env.npm_package_homepage}}\"\\n\\","        {{/if env.npm_package_homepage}}\\n\\","        target=\"_blank\"\\n\\","    >\\n\\","utility2-comment -->\\n\\","        {{env.npm_package_name}} (v{{env.npm_package_version}})\\n\\","<!-- utility2-comment\\n\\","    </a>\\n\\","utility2-comment -->\\n\\","</h1>\\n\\","<h3>{{env.npm_package_description}}</h3>\\n\\","<!-- utility2-comment\\n\\","<h4><a download href=\"assets.app.js\">download standalone app</a></h4>\\n\\","<button class=\"onclick onreset\" id=\"testRunButton1\">run internal test</button><br>\\n\\","<div id=\"testReportDiv1\" style=\"display: none;\"></div>\\n\\","utility2-comment -->\\n\\","\\n\\","\\n\\","\\n\\","<label>stderr and stdout</label>\\n\\","<textarea class=\"resettable\" id=\"outputTextareaStdout1\" readonly></textarea>\\n\\","<!-- utility2-comment\\n\\","{{#if isRollup}}\\n\\","<script src=\"assets.app.js\"></script>\\n\\","{{#unless isRollup}}\\n\\","utility2-comment -->\\n\\","<script src=\"assets.utility2.rollup.js\"></script>\\n\\","<script src=\"jsonp.utility2._stateInit?callback=window.utility2._stateInit\"></script>\\n\\","<script src=\"assets.npmtest_roots.rollup.js\"></script>\\n\\","<script src=\"assets.example.js\"></script>\\n\\","<script src=\"assets.test.js\"></script>\\n\\","<!-- utility2-comment\\n\\","{{/if isRollup}}\\n\\","utility2-comment -->\\n\\","<div class=\"utility2FooterDiv\">\\n\\","    [ this app was created with\\n\\","    <a href=\"https://github.com/kaizhu256/node-utility2\" target=\"_blank\">utility2</a>\\n\\","    ]\\n\\","</div>\\n\\","</body>\\n\\","</html>\\n\\","';","        /* jslint-ignore-end */","        if (local.templateRender) {","            local.assetsDict['/'] = local.templateRender(","                local.assetsDict['/assets.index.template.html'],","                {","                    env: local.objectSetDefault(local.env, {","                        npm_package_description: 'the greatest app in the world!',","                        npm_package_name: 'my-app',","                        npm_package_nameAlias: 'my_app',","                        npm_package_version: '0.0.1'","                    })","                }","            );","        } else {","            local.assetsDict['/'] = local.assetsDict['/assets.index.template.html']","                .replace((/\\{\\{env\\.(\\w+?)\\}\\}/g), function (match0, match1) {","                    // jslint-hack","                    String(match0);","                    switch (match1) {","                    case 'npm_package_description':","                        return 'the greatest app in the world!';","                    case 'npm_package_name':","                        return 'my-app';","                    case 'npm_package_nameAlias':","                        return 'my_app';","                    case 'npm_package_version':","                        return '0.0.1';","                    }","                });","        }","        // run the cli","        if (local.global.utility2_rollup || module !== require.main) {","            break;","        }","        local.assetsDict['/assets.example.js'] =","            local.assetsDict['/assets.example.js'] ||","            local.fs.readFileSync(__filename, 'utf8');","        // bug-workaround - long $npm_package_buildCustomOrg","        /* jslint-ignore-begin */","        local.assetsDict['/assets.npmtest_roots.rollup.js'] =","            local.assetsDict['/assets.npmtest_roots.rollup.js'] ||","            local.fs.readFileSync(","                local.npmtest_roots.__dirname + '/lib.npmtest_roots.js',","                'utf8'","            ).replace((/^#!/), '//');","        /* jslint-ignore-end */","        local.assetsDict['/favicon.ico'] = local.assetsDict['/favicon.ico'] || '';","        // if $npm_config_timeout_exit exists,","        // then exit this process after $npm_config_timeout_exit ms","        if (Number(process.env.npm_config_timeout_exit)) {","            setTimeout(process.exit, Number(process.env.npm_config_timeout_exit));","        }","        // start server","        if (local.global.utility2_serverHttp1) {","            break;","        }","        process.env.PORT = process.env.PORT || '8081';","        console.error('server starting on port ' + process.env.PORT);","        local.http.createServer(function (request, response) {","            request.urlParsed = local.url.parse(request.url);","            if (local.assetsDict[request.urlParsed.pathname] !== undefined) {","                response.end(local.assetsDict[request.urlParsed.pathname]);","                return;","            }","            response.statusCode = 404;","            response.end();","        }).listen(process.env.PORT);","        break;","    }","}());",""],"l":{"26":2,"28":2,"33":2,"35":2,"37":2,"38":2,"39":2,"44":1,"51":2,"55":2,"59":2,"61":2,"69":1,"70":2,"76":2,"79":2,"82":2,"83":2,"85":1,"89":2,"92":1,"93":1,"94":1,"96":1,"97":1,"100":1,"101":1,"103":1,"106":1,"108":2,"114":1,"116":1,"118":1,"123":1,"124":2,"125":2,"126":3,"127":3,"128":3,"129":3,"130":1,"133":3,"134":3,"139":3,"143":1,"144":3,"145":1,"149":1,"150":1,"158":1,"160":1,"161":1,"162":1,"164":1,"166":1,"258":1,"259":1,"271":1,"274":6,"275":6,"277":1,"279":2,"281":1,"283":2,"288":1,"289":1,"291":1,"296":1,"303":1,"306":1,"307":1,"310":1,"311":1,"313":1,"314":1,"315":1,"316":1,"317":1,"318":1,"319":1,"321":1,"322":1,"324":1}},"/home/travis/build/npmtest/node-npmtest-roots/node_modules/roots/lib/index.js":{"path":"/home/travis/build/npmtest/node-npmtest-roots/node_modules/roots/lib/index.js","s":{"1":1,"2":1,"3":1,"4":5,"5":5,"6":1,"7":1,"8":1,"9":1,"10":1,"11":1,"12":1,"13":1,"14":1,"15":1,"16":1,"17":1,"18":1,"19":1,"20":1,"21":0,"22":0,"23":0,"24":0,"25":0,"26":0,"27":0,"28":1,"29":0,"30":0,"31":0,"32":1,"33":2,"34":1,"35":0,"36":0,"37":0,"38":1,"39":0,"40":0,"41":0,"42":1,"43":0,"44":0,"45":0,"46":1,"47":1,"48":1,"49":0,"50":0,"51":0,"52":1},"b":{"1":[5,0],"2":[0,0],"3":[0,0]},"f":{"1":1,"2":1,"3":1,"4":1,"5":0,"6":0,"7":2,"8":0,"9":0,"10":0,"11":0},"fnMap":{"1":{"name":"(anonymous_1)","line":2,"loc":{"start":{"line":2,"column":1},"end":{"line":2,"column":12}}},"2":{"name":"(anonymous_2)","line":4,"loc":{"start":{"line":4,"column":13},"end":{"line":4,"column":37}}},"3":{"name":"ctor","line":4,"loc":{"start":{"line":4,"column":124},"end":{"line":4,"column":140}}},"4":{"name":"(anonymous_4)","line":25,"loc":{"start":{"line":25,"column":11},"end":{"line":25,"column":32}}},"5":{"name":"Roots","line":35,"loc":{"start":{"line":35,"column":4},"end":{"line":35,"column":32}}},"6":{"name":"(anonymous_6)","line":60,"loc":{"start":{"line":60,"column":19},"end":{"line":60,"column":34}}},"7":{"name":"(anonymous_7)","line":75,"loc":{"start":{"line":75,"column":39},"end":{"line":75,"column":50}}},"8":{"name":"(anonymous_8)","line":86,"loc":{"start":{"line":86,"column":30},"end":{"line":86,"column":45}}},"9":{"name":"(anonymous_9)","line":99,"loc":{"start":{"line":99,"column":28},"end":{"line":99,"column":39}}},"10":{"name":"(anonymous_10)","line":111,"loc":{"start":{"line":111,"column":28},"end":{"line":111,"column":39}}},"11":{"name":"(anonymous_11)","line":132,"loc":{"start":{"line":132,"column":20},"end":{"line":132,"column":35}}}},"statementMap":{"1":{"start":{"line":2,"column":0},"end":{"line":140,"column":14}},"2":{"start":{"line":3,"column":2},"end":{"line":5,"column":32}},"3":{"start":{"line":4,"column":39},"end":{"line":4,"column":123}},"4":{"start":{"line":4,"column":65},"end":{"line":4,"column":121}},"5":{"start":{"line":4,"column":96},"end":{"line":4,"column":121}},"6":{"start":{"line":4,"column":124},"end":{"line":4,"column":169}},"7":{"start":{"line":4,"column":142},"end":{"line":4,"column":167}},"8":{"start":{"line":4,"column":170},"end":{"line":4,"column":204}},"9":{"start":{"line":4,"column":205},"end":{"line":4,"column":234}},"10":{"start":{"line":4,"column":235},"end":{"line":4,"column":270}},"11":{"start":{"line":4,"column":271},"end":{"line":4,"column":284}},"12":{"start":{"line":7,"column":2},"end":{"line":7,"column":25}},"13":{"start":{"line":9,"column":2},"end":{"line":9,"column":48}},"14":{"start":{"line":11,"column":2},"end":{"line":11,"column":21}},"15":{"start":{"line":13,"column":2},"end":{"line":13,"column":25}},"16":{"start":{"line":15,"column":2},"end":{"line":15,"column":31}},"17":{"start":{"line":17,"column":2},"end":{"line":17,"column":39}},"18":{"start":{"line":25,"column":2},"end":{"line":130,"column":19}},"19":{"start":{"line":26,"column":4},"end":{"line":26,"column":30}},"20":{"start":{"line":35,"column":4},"end":{"line":44,"column":5}},"21":{"start":{"line":36,"column":6},"end":{"line":36,"column":23}},"22":{"start":{"line":37,"column":6},"end":{"line":37,"column":45}},"23":{"start":{"line":38,"column":6},"end":{"line":38,"column":42}},"24":{"start":{"line":39,"column":6},"end":{"line":41,"column":7}},"25":{"start":{"line":40,"column":8},"end":{"line":40,"column":47}},"26":{"start":{"line":42,"column":6},"end":{"line":42,"column":45}},"27":{"start":{"line":43,"column":6},"end":{"line":43,"column":48}},"28":{"start":{"line":60,"column":4},"end":{"line":64,"column":6}},"29":{"start":{"line":61,"column":6},"end":{"line":61,"column":14}},"30":{"start":{"line":62,"column":6},"end":{"line":62,"column":33}},"31":{"start":{"line":63,"column":6},"end":{"line":63,"column":40}},"32":{"start":{"line":75,"column":4},"end":{"line":77,"column":7}},"33":{"start":{"line":76,"column":6},"end":{"line":76,"column":39}},"34":{"start":{"line":86,"column":4},"end":{"line":90,"column":6}},"35":{"start":{"line":87,"column":6},"end":{"line":87,"column":18}},"36":{"start":{"line":88,"column":6},"end":{"line":88,"column":41}},"37":{"start":{"line":89,"column":6},"end":{"line":89,"column":44}},"38":{"start":{"line":99,"column":4},"end":{"line":103,"column":6}},"39":{"start":{"line":100,"column":6},"end":{"line":100,"column":16}},"40":{"start":{"line":101,"column":6},"end":{"line":101,"column":37}},"41":{"start":{"line":102,"column":6},"end":{"line":102,"column":38}},"42":{"start":{"line":111,"column":4},"end":{"line":115,"column":6}},"43":{"start":{"line":112,"column":6},"end":{"line":112,"column":16}},"44":{"start":{"line":113,"column":6},"end":{"line":113,"column":37}},"45":{"start":{"line":114,"column":6},"end":{"line":114,"column":38}},"46":{"start":{"line":126,"column":4},"end":{"line":126,"column":49}},"47":{"start":{"line":128,"column":4},"end":{"line":128,"column":17}},"48":{"start":{"line":132,"column":2},"end":{"line":136,"column":4}},"49":{"start":{"line":133,"column":4},"end":{"line":133,"column":18}},"50":{"start":{"line":134,"column":4},"end":{"line":134,"column":43}},"51":{"start":{"line":135,"column":4},"end":{"line":135,"column":27}},"52":{"start":{"line":138,"column":2},"end":{"line":138,"column":25}}},"branchMap":{"1":{"line":4,"type":"if","locations":[{"start":{"line":4,"column":65},"end":{"line":4,"column":65}},{"start":{"line":4,"column":65},"end":{"line":4,"column":65}}]},"2":{"line":37,"type":"cond-expr","locations":[{"start":{"line":37,"column":34},"end":{"line":37,"column":39}},{"start":{"line":37,"column":42},"end":{"line":37,"column":44}}]},"3":{"line":39,"type":"if","locations":[{"start":{"line":39,"column":6},"end":{"line":39,"column":6}},{"start":{"line":39,"column":6},"end":{"line":39,"column":6}}]}},"code":["// Generated by CoffeeScript 1.10.0","(function() {","  var Config, EventEmitter, Extensions, Roots, fs, path,","    extend = function(child, parent) { for (var key in parent) { if (hasProp.call(parent, key)) child[key] = parent[key]; } function ctor() { this.constructor = child; } ctor.prototype = parent.prototype; child.prototype = new ctor(); child.__super__ = parent.prototype; return child; },","    hasProp = {}.hasOwnProperty;","","  require('./analytics');","","  EventEmitter = require('events').EventEmitter;","","  fs = require('fs');","","  path = require('path');","","  Config = require('./config');","","  Extensions = require('./extensions');","","","  /**","   * @class","   * @classdesc main roots class, public api for roots","   */","","  Roots = (function(superClass) {","    extend(Roots, superClass);","","","    /**","     * Given a path to a project, set up the config and return a roots instance","     * @param  {[type]} root - path to a folder","     * @return {Function} - instance of the Roots class","     */","","    function Roots(root, opts1) {","      this.root = root;","      this.opts = opts1 != null ? opts1 : {};","      this.root = path.resolve(this.root);","      if (!fs.existsSync(this.root)) {","        throw new Error(\"path does not exist\");","      }","      this.extensions = new Extensions(this);","      this.config = new Config(this, this.opts);","    }","","","    /**","     * Alternate constructor, creates a new roots project in a given folder and","     * returns a roots instance for this project. Takes an object with these keys:","     *","     * path: path to the folder you'd like to create and initialize a project in","     * template: name of the template you'd like to use (default: base)","     * overrides: data to pass to the template, skips prompts","     * defaults: sets default values for the template's prompts","     *","     * @param  {Object} opts - options object, described above","     * @return {Promise} Promise for a Roots class instance","     */","","    Roots[\"new\"] = function(opts) {","      var New;","      New = require('./api/new');","      return (new New(this)).exec(opts);","    };","","","    /**","     * Exposes an API to manage your roots project templates through sprout.","     * See api/template for details. The defineGetter hack makes it such that","     * while you can call roots.template.x like an object, the dependencies","     * needed for it are lazy-loaded only when you actually make the call.","     * This boosts the require time of this file by ~400ms.","     */","","    Roots.__defineGetter__('template', function() {","      return require('./api/template');","    });","","","    /**","     * Compiles a roots project. Wow.","     *","     * @return {Promise} promise for finished compile","     */","","    Roots.prototype.compile = function(opts) {","      var Compile;","      Compile = require('./api/compile');","      return (new Compile(this)).exec(opts);","    };","","","    /**","     * Watches a folder for changes and compiles whenever changes happen.","     *","     * @return {Object} [chokidar](https://github.com/paulmillr/chokidar) instance","     */","","    Roots.prototype.watch = function() {","      var Watch;","      Watch = require('./api/watch');","      return (new Watch(this)).exec();","    };","","","    /**","     * Removes a project's output folder.","     * @return {Promise} promise for removed output folder","     */","","    Roots.prototype.clean = function() {","      var Clean;","      Clean = require('./api/clean');","      return (new Clean(this)).exec();","    };","","","    /**","     * If an irrecoverable error has occurred, exit the application with","     * as clear an error as possible and a specific exit code.","     *","     * @param {Integer} code - numeric error code","     * @param {String} details - any additional details to be printed","     */","","    Roots.prototype.bail = require('./api/bail');","","    return Roots;","","  })(EventEmitter);","","  Roots.analytics = function(args) {","    var analytics;","    analytics = require('./api/analytics');","    return analytics(args);","  };","","  module.exports = Roots;","","}).call(this);",""],"l":{"2":1,"3":1,"4":5,"7":1,"9":1,"11":1,"13":1,"15":1,"17":1,"25":1,"26":1,"35":1,"36":0,"37":0,"38":0,"39":0,"40":0,"42":0,"43":0,"60":1,"61":0,"62":0,"63":0,"75":1,"76":2,"86":1,"87":0,"88":0,"89":0,"99":1,"100":0,"101":0,"102":0,"111":1,"112":0,"113":0,"114":0,"126":1,"128":1,"132":1,"133":0,"134":0,"135":0,"138":1}},"/home/travis/build/npmtest/node-npmtest-roots/node_modules/roots/lib/analytics.js":{"path":"/home/travis/build/npmtest/node-npmtest-roots/node_modules/roots/lib/analytics.js","s":{"1":1,"2":1,"3":1,"4":1,"5":1,"6":1,"7":1,"8":1,"9":0,"10":0,"11":0,"12":0,"13":0},"b":{"1":[0,0]},"f":{"1":1,"2":0,"3":0},"fnMap":{"1":{"name":"(anonymous_1)","line":2,"loc":{"start":{"line":2,"column":1},"end":{"line":2,"column":12}}},"2":{"name":"(anonymous_2)","line":18,"loc":{"start":{"line":18,"column":19},"end":{"line":18,"column":41}}},"3":{"name":"(anonymous_3)","line":22,"loc":{"start":{"line":22,"column":75},"end":{"line":22,"column":86}}}},"statementMap":{"1":{"start":{"line":2,"column":0},"end":{"line":28,"column":14}},"2":{"start":{"line":3,"column":2},"end":{"line":3,"column":43}},"3":{"start":{"line":5,"column":2},"end":{"line":5,"column":28}},"4":{"start":{"line":7,"column":2},"end":{"line":7,"column":45}},"5":{"start":{"line":9,"column":2},"end":{"line":9,"column":30}},"6":{"start":{"line":11,"column":2},"end":{"line":11,"column":22}},"7":{"start":{"line":13,"column":2},"end":{"line":16,"column":5}},"8":{"start":{"line":18,"column":2},"end":{"line":26,"column":4}},"9":{"start":{"line":19,"column":4},"end":{"line":19,"column":16}},"10":{"start":{"line":20,"column":4},"end":{"line":20,"column":47}},"11":{"start":{"line":21,"column":4},"end":{"line":25,"column":5}},"12":{"start":{"line":22,"column":6},"end":{"line":22,"column":90}},"13":{"start":{"line":24,"column":6},"end":{"line":24,"column":30}}},"branchMap":{"1":{"line":21,"type":"if","locations":[{"start":{"line":21,"column":4},"end":{"line":21,"column":4}},{"start":{"line":21,"column":4},"end":{"line":21,"column":4}}]}},"code":["// Generated by CoffeeScript 1.10.0","(function() {","  var Keen, W, client, global_config, node;","","  Keen = require('keen.io');","","  global_config = require('./global_config');","","  node = require('when/node');","","  W = require('when');","","  client = Keen.configure({","    projectId: '5252fe3d36bf5a4f54000008',","    writeKey: 'd4dff32fa0e23516cf4828d2a71219255efd581f8ab3c1a0cc7081e8b1db6282' + '5f83b0b5f9ec6417fd23fb877d082d1d5ce238ddc46d048b8ba6608557e87904a475f2a930' + 'e4903fc9872323fc120a4859dfb06919d9052e3b676e863a8f6332c21c5cb58be186457398' + '780475dc62a5'","  });","","  global.__track = function(category, e) {","    var enabled;","    enabled = global_config().get('analytics');","    if (enabled) {","      return node.call(client.addEvent.bind(client), category, e)[\"catch\"](function() {});","    } else {","      return W.resolve(false);","    }","  };","","}).call(this);",""],"l":{"2":1,"3":1,"5":1,"7":1,"9":1,"11":1,"13":1,"18":1,"19":0,"20":0,"21":0,"22":0,"24":0}},"/home/travis/build/npmtest/node-npmtest-roots/node_modules/roots/lib/global_config.js":{"path":"/home/travis/build/npmtest/node-npmtest-roots/node_modules/roots/lib/global_config.js","s":{"1":1,"2":1,"3":1,"4":1,"5":1,"6":1,"7":1,"8":0,"9":1},"b":{},"f":{"1":1,"2":0},"fnMap":{"1":{"name":"(anonymous_1)","line":2,"loc":{"start":{"line":2,"column":1},"end":{"line":2,"column":12}}},"2":{"name":"(anonymous_2)","line":21,"loc":{"start":{"line":21,"column":19},"end":{"line":21,"column":30}}}},"statementMap":{"1":{"start":{"line":2,"column":0},"end":{"line":30,"column":14}},"2":{"start":{"line":3,"column":2},"end":{"line":3,"column":33}},"3":{"start":{"line":5,"column":2},"end":{"line":5,"column":39}},"4":{"start":{"line":7,"column":2},"end":{"line":7,"column":35}},"5":{"start":{"line":9,"column":2},"end":{"line":9,"column":21}},"6":{"start":{"line":11,"column":2},"end":{"line":11,"column":25}},"7":{"start":{"line":21,"column":2},"end":{"line":26,"column":4}},"8":{"start":{"line":22,"column":4},"end":{"line":25,"column":7}},"9":{"start":{"line":28,"column":2},"end":{"line":28,"column":64}}},"branchMap":{},"code":["// Generated by CoffeeScript 1.10.0","(function() {","  var Configstore, os, path, pkg;","","  Configstore = require('configstore');","","  pkg = require('../package.json');","","  os = require('os');","","  path = require('path');","","","  /**","   * Interface for interacting with the roots global config options","   * Docs here: https://github.com/yeoman/configstore#documentation","   *","   * @return {Object} configstore api","   */","","  module.exports = function() {","    return new Configstore(pkg.name + \"-v\" + (pkg.version.split('.')[0]), {","      default_template: 'roots-base',","      analytics: true","    });","  };","","  module.exports.dir = path.join(os.homedir(), '.config/roots');","","}).call(this);",""],"l":{"2":1,"3":1,"5":1,"7":1,"9":1,"11":1,"21":1,"22":0,"28":1}},"/home/travis/build/npmtest/node-npmtest-roots/node_modules/roots/lib/config.js":{"path":"/home/travis/build/npmtest/node-npmtest-roots/node_modules/roots/lib/config.js","s":{"1":1,"2":1,"3":1,"4":1,"5":1,"6":1,"7":1,"8":1,"9":1,"10":1,"11":1,"12":1,"13":0,"14":0,"15":0,"16":0,"17":0,"18":0,"19":0,"20":0,"21":0,"22":0,"23":0,"24":0,"25":0,"26":0,"27":0,"28":0,"29":0,"30":1,"31":0,"32":0,"33":0,"34":0,"35":0,"36":0,"37":0,"38":0,"39":0,"40":0,"41":0,"42":0,"43":0,"44":0,"45":0,"46":0,"47":1,"48":0,"49":1,"50":0,"51":0,"52":0,"53":0,"54":0,"55":0,"56":0,"57":0,"58":0,"59":1,"60":0,"61":0,"62":0,"63":0,"64":0,"65":0,"66":0,"67":0,"68":0,"69":0,"70":0,"71":0,"72":0,"73":0,"74":0,"75":0,"76":1,"77":1},"b":{"1":[0,0],"2":[0,0],"3":[0,0],"4":[0,0],"5":[0,0],"6":[0,0],"7":[0,0],"8":[0,0],"9":[0,0],"10":[0,0],"11":[0,0],"12":[0,0],"13":[0,0],"14":[0,0]},"f":{"1":1,"2":1,"3":0,"4":0,"5":0,"6":0,"7":0},"fnMap":{"1":{"name":"(anonymous_1)","line":2,"loc":{"start":{"line":2,"column":1},"end":{"line":2,"column":12}}},"2":{"name":"(anonymous_2)","line":23,"loc":{"start":{"line":23,"column":12},"end":{"line":23,"column":23}}},"3":{"name":"Config","line":61,"loc":{"start":{"line":61,"column":4},"end":{"line":61,"column":33}}},"4":{"name":"(anonymous_4)","line":106,"loc":{"start":{"line":106,"column":18},"end":{"line":106,"column":29}}},"5":{"name":"(anonymous_5)","line":138,"loc":{"start":{"line":138,"column":35},"end":{"line":138,"column":46}}},"6":{"name":"(anonymous_6)","line":159,"loc":{"start":{"line":159,"column":27},"end":{"line":159,"column":44}}},"7":{"name":"(anonymous_7)","line":185,"loc":{"start":{"line":185,"column":20},"end":{"line":185,"column":31}}}},"statementMap":{"1":{"start":{"line":2,"column":0},"end":{"line":215,"column":14}},"2":{"start":{"line":3,"column":2},"end":{"line":3,"column":46}},"3":{"start":{"line":5,"column":2},"end":{"line":5,"column":25}},"4":{"start":{"line":7,"column":2},"end":{"line":7,"column":21}},"5":{"start":{"line":9,"column":2},"end":{"line":9,"column":29}},"6":{"start":{"line":11,"column":2},"end":{"line":11,"column":36}},"7":{"start":{"line":13,"column":2},"end":{"line":13,"column":24}},"8":{"start":{"line":15,"column":2},"end":{"line":15,"column":21}},"9":{"start":{"line":23,"column":2},"end":{"line":211,"column":7}},"10":{"start":{"line":30,"column":4},"end":{"line":30,"column":65}},"11":{"start":{"line":32,"column":4},"end":{"line":32,"column":66}},"12":{"start":{"line":61,"column":4},"end":{"line":81,"column":5}},"13":{"start":{"line":62,"column":6},"end":{"line":62,"column":26}},"14":{"start":{"line":63,"column":6},"end":{"line":63,"column":25}},"15":{"start":{"line":64,"column":6},"end":{"line":64,"column":29}},"16":{"start":{"line":65,"column":6},"end":{"line":65,"column":43}},"17":{"start":{"line":66,"column":6},"end":{"line":66,"column":64}},"18":{"start":{"line":67,"column":6},"end":{"line":67,"column":66}},"19":{"start":{"line":68,"column":6},"end":{"line":68,"column":25}},"20":{"start":{"line":69,"column":6},"end":{"line":69,"column":30}},"21":{"start":{"line":70,"column":6},"end":{"line":70,"column":71}},"22":{"start":{"line":71,"column":6},"end":{"line":71,"column":29}},"23":{"start":{"line":72,"column":6},"end":{"line":74,"column":7}},"24":{"start":{"line":73,"column":8},"end":{"line":73,"column":26}},"25":{"start":{"line":75,"column":6},"end":{"line":75,"column":106}},"26":{"start":{"line":76,"column":6},"end":{"line":78,"column":7}},"27":{"start":{"line":77,"column":8},"end":{"line":77,"column":34}},"28":{"start":{"line":79,"column":6},"end":{"line":79,"column":142}},"29":{"start":{"line":80,"column":6},"end":{"line":80,"column":48}},"30":{"start":{"line":106,"column":4},"end":{"line":130,"column":6}},"31":{"start":{"line":107,"column":6},"end":{"line":107,"column":59}},"32":{"start":{"line":108,"column":6},"end":{"line":108,"column":72}},"33":{"start":{"line":109,"column":6},"end":{"line":109,"column":57}},"34":{"start":{"line":110,"column":6},"end":{"line":110,"column":61}},"35":{"start":{"line":111,"column":6},"end":{"line":116,"column":7}},"36":{"start":{"line":112,"column":8},"end":{"line":114,"column":9}},"37":{"start":{"line":113,"column":10},"end":{"line":113,"column":154}},"38":{"start":{"line":115,"column":8},"end":{"line":115,"column":15}},"39":{"start":{"line":117,"column":6},"end":{"line":117,"column":34}},"40":{"start":{"line":118,"column":6},"end":{"line":122,"column":7}},"41":{"start":{"line":119,"column":8},"end":{"line":121,"column":12}},"42":{"start":{"line":123,"column":6},"end":{"line":126,"column":7}},"43":{"start":{"line":124,"column":8},"end":{"line":124,"column":20}},"44":{"start":{"line":125,"column":8},"end":{"line":125,"column":20}},"45":{"start":{"line":127,"column":6},"end":{"line":129,"column":7}},"46":{"start":{"line":128,"column":8},"end":{"line":128,"column":63}},"47":{"start":{"line":138,"column":4},"end":{"line":140,"column":6}},"48":{"start":{"line":139,"column":6},"end":{"line":139,"column":53}},"49":{"start":{"line":159,"column":4},"end":{"line":171,"column":6}},"50":{"start":{"line":160,"column":6},"end":{"line":160,"column":14}},"51":{"start":{"line":161,"column":6},"end":{"line":161,"column":39}},"52":{"start":{"line":162,"column":6},"end":{"line":164,"column":7}},"53":{"start":{"line":163,"column":8},"end":{"line":163,"column":20}},"54":{"start":{"line":165,"column":6},"end":{"line":165,"column":38}},"55":{"start":{"line":166,"column":6},"end":{"line":166,"column":31}},"56":{"start":{"line":167,"column":6},"end":{"line":169,"column":7}},"57":{"start":{"line":168,"column":8},"end":{"line":168,"column":93}},"58":{"start":{"line":170,"column":6},"end":{"line":170,"column":17}},"59":{"start":{"line":185,"column":4},"end":{"line":207,"column":6}},"60":{"start":{"line":186,"column":6},"end":{"line":186,"column":80}},"61":{"start":{"line":187,"column":6},"end":{"line":187,"column":15}},"62":{"start":{"line":188,"column":6},"end":{"line":188,"column":65}},"63":{"start":{"line":189,"column":6},"end":{"line":191,"column":7}},"64":{"start":{"line":190,"column":8},"end":{"line":190,"column":19}},"65":{"start":{"line":192,"column":6},"end":{"line":192,"column":35}},"66":{"start":{"line":193,"column":6},"end":{"line":193,"column":73}},"67":{"start":{"line":194,"column":6},"end":{"line":205,"column":7}},"68":{"start":{"line":195,"column":8},"end":{"line":195,"column":21}},"69":{"start":{"line":196,"column":8},"end":{"line":204,"column":9}},"70":{"start":{"line":197,"column":10},"end":{"line":202,"column":11}},"71":{"start":{"line":198,"column":12},"end":{"line":198,"column":77}},"72":{"start":{"line":200,"column":12},"end":{"line":200,"column":24}},"73":{"start":{"line":201,"column":12},"end":{"line":201,"column":86}},"74":{"start":{"line":203,"column":10},"end":{"line":203,"column":54}},"75":{"start":{"line":206,"column":6},"end":{"line":206,"column":17}},"76":{"start":{"line":209,"column":4},"end":{"line":209,"column":18}},"77":{"start":{"line":213,"column":2},"end":{"line":213,"column":26}}},"branchMap":{"1":{"line":66,"type":"cond-expr","locations":[{"start":{"line":66,"column":44},"end":{"line":66,"column":47}},{"start":{"line":66,"column":50},"end":{"line":66,"column":63}}]},"2":{"line":67,"type":"cond-expr","locations":[{"start":{"line":67,"column":53},"end":{"line":67,"column":57}},{"start":{"line":67,"column":60},"end":{"line":67,"column":65}}]},"3":{"line":70,"type":"cond-expr","locations":[{"start":{"line":70,"column":59},"end":{"line":70,"column":63}},{"start":{"line":70,"column":66},"end":{"line":70,"column":70}}]},"4":{"line":72,"type":"if","locations":[{"start":{"line":72,"column":6},"end":{"line":72,"column":6}},{"start":{"line":72,"column":6},"end":{"line":72,"column":6}}]},"5":{"line":76,"type":"if","locations":[{"start":{"line":76,"column":6},"end":{"line":76,"column":6}},{"start":{"line":76,"column":6},"end":{"line":76,"column":6}}]},"6":{"line":108,"type":"cond-expr","locations":[{"start":{"line":108,"column":46},"end":{"line":108,"column":51}},{"start":{"line":108,"column":54},"end":{"line":108,"column":71}}]},"7":{"line":111,"type":"if","locations":[{"start":{"line":111,"column":6},"end":{"line":111,"column":6}},{"start":{"line":111,"column":6},"end":{"line":111,"column":6}}]},"8":{"line":112,"type":"if","locations":[{"start":{"line":112,"column":8},"end":{"line":112,"column":8}},{"start":{"line":112,"column":8},"end":{"line":112,"column":8}}]},"9":{"line":118,"type":"if","locations":[{"start":{"line":118,"column":6},"end":{"line":118,"column":6}},{"start":{"line":118,"column":6},"end":{"line":118,"column":6}}]},"10":{"line":127,"type":"if","locations":[{"start":{"line":127,"column":6},"end":{"line":127,"column":6}},{"start":{"line":127,"column":6},"end":{"line":127,"column":6}}]},"11":{"line":162,"type":"if","locations":[{"start":{"line":162,"column":6},"end":{"line":162,"column":6}},{"start":{"line":162,"column":6},"end":{"line":162,"column":6}}]},"12":{"line":167,"type":"if","locations":[{"start":{"line":167,"column":6},"end":{"line":167,"column":6}},{"start":{"line":167,"column":6},"end":{"line":167,"column":6}}]},"13":{"line":189,"type":"if","locations":[{"start":{"line":189,"column":6},"end":{"line":189,"column":6}},{"start":{"line":189,"column":6},"end":{"line":189,"column":6}}]},"14":{"line":196,"type":"if","locations":[{"start":{"line":196,"column":8},"end":{"line":196,"column":8}},{"start":{"line":196,"column":8},"end":{"line":196,"column":8}}]}},"code":["// Generated by CoffeeScript 1.10.0","(function() {","  var Config, _, accord, coffee, fs, os, path;","","  path = require('path');","","  fs = require('fs');","","  accord = require('accord');","","  coffee = require('coffee-script');","","  _ = require('lodash');","","  os = require('os');","","","  /**","   * @class Config","   * @classdesc Manages configuration info and setup for roots","   */","","  Config = (function() {","","    /**","     * This is an escaped version of the platform specific path seperator to be","     * used in regular expressions. It is defined as a (derived) constant,","     * because the path seperator does not change over the course of a run.","     */","    var PATH_SEPERATOR_REGEXP_STRING, get_compilers, load_config;","","    PATH_SEPERATOR_REGEXP_STRING = path.sep.replace('\\\\', '\\\\\\\\');","","","    /**","     * Creates a new instance of the roots config. This happens once, as soon as","     * you initialize the roots class. The constructor sets up a number of default","     * variables, explained below:","     *","     * - output: directory path appended to roots.root that results are written to","     * - dump_dirs: these directories dump their contents and appear transparent","     * - env: environment, usually development, staging, or production","     * - debug: when true, roots is more verbose in its output","     * - live_reload: when a compile finishes in watch more, reload the browser","     * - open_browser: when `roots watch` is run, open up the browser","     *","     * load_config loads in the app.coffee file, which can overwrite any of these","     * previous settings","     *","     * Then, we set up ignores if not provided by app.coffee, and add a couple","     * defaults that must always be ignored.","     *","     * Finally, we read the package.json file if present and grab all the adapters","     * needed to compile files in this project. More details on that later.","     *","     * @param  {Function} @roots - roots class instance","     *","     * @todo uniq filter ignores","     */","","    function Config(roots, opts) {","      var ref, ref1, ref2;","      this.roots = roots;","      this.output = 'public';","      this.dump_dirs = ['views', 'assets'];","      this.env = (ref = opts.env) != null ? ref : 'development';","      this.verbose = (ref1 = opts.verbose) != null ? ref1 : false;","      this.debug = false;","      this.live_reload = true;","      this.open_browser = (ref2 = !opts.no_open) != null ? ref2 : true;","      load_config.call(this);","      if (this.ignores == null) {","        this.ignores = [];","      }","      this.ignores = this.ignores.concat(['package.json', 'app*.coffee', this.output + \"/**/*\", '.git*']);","      if (this.watcher_ignores == null) {","        this.watcher_ignores = [];","      }","      this.watcher_ignores = this.watcher_ignores.concat(['package.json', 'app.coffee', 'node_modules/**/*', this.output + \"/**/*\", '.git*']);","      this.compilers = get_compilers.call(this);","    }","","","    /**","     * This function is responsible for loading the app.coffee file into the","     * config.","     *","     * First, it checks the environment. If it's 'development', the default, roots","     * loads 'app.coffee', and if there is a custom environment, it tries to load","     * 'app.ENV_NAME.coffee'. It then makes sure the config file exists. If not,","     * it just returns, and if there was a custom environment logs out a warning.","     *","     * If it does exist, there are two ways app.coffee can be processed. First is","     * 'simple mode', entered if it doesn't export anything when the file is","     * required. In this mode, the config file is processed as a coffeescript","     * object.","     *","     * If the file does export anything, this means it's being used as a node","     * file, so it is required and processed as a node file.","     *","     * Each of the values that are exported are attached directly to the config","     * object, overwriting the defaults if this applies. Finally, extensions are","     * all registered with roots if they are provided.","     */","","    load_config = function() {","      var basename, conf, config_exists, config_path, k, v;","      basename = this.env === 'development' ? \"app\" : \"app.\" + this.env;","      config_path = path.join(this.roots.root, basename);","      config_exists = fs.existsSync(config_path + \".coffee\");","      if (!config_exists) {","        if (this.env !== 'development') {","          console.warn((\"\\nEnvironment config file not found. Make sure 'app.\" + this.env + \".coffee' is present at the root of your project.\\n\").yellow);","        }","        return;","      }","      conf = require(config_path);","      if (Object.keys(conf).length < 1) {","        conf = eval(coffee.compile(fs.readFileSync(config_path + \".coffee\", 'utf8'), {","          bare: true","        }));","      }","      for (k in conf) {","        v = conf[k];","        this[k] = v;","      }","      if (this.extensions) {","        return this.roots.extensions.register(this.extensions);","      }","    };","","","    /**","     * Produces the full path to the output folder","     * @return {String} - path to output folder","     */","","    Config.prototype.output_path = function() {","      return path.join(this.roots.root, this.output);","    };","","","    /**","     * Given a vinyl-wrapped file and opti
[...]
},"44":{"start":{"line":125,"column":2},"end":{"line":147,"column":4}},"45":{"start":{"line":126,"column":4},"end":{"line":126,"column":17}},"46":{"start":{"line":127,"column":4},"end":{"line":129,"column":7}},"47":{"start":{"line":130,"column":4},"end":{"line":130,"column":25}},"48":{"start":{"line":131,"column":4},"end":{"line":145,"column":5}},"49":{"start":{"line":132,"column":6},"end":{"line":132,"column":36}},"50":{"start":{"line":134,"column":6},"end":{"line":134,"column":58}},"51":{"start":{"line":135,"column":6},"end":{"line":135,"column":29}},"52":{"start":{"line":136,"column":6},"end":{"line":136,"column":40}},"53":{"start":{"line":137,"column":6},"end":{"line":144,"column":9}},"54":{"start":{"line":138,"column":8},"end":{"line":138,"column":30}},"55":{"start":{"line":139,"column":8},"end":{"line":139,"column":25}},"56":{"start":{"line":140,"column":8},"end":{"line":142,"column":9}},"57":{"start":{"line":141,"column":10},"end":{"line":141,"column":47}},"58":{"start":{"line":143,"column":8},"end":{"line":143,"column":50}},"59":{"start":{"line":146,"column":4},"end":{"line":146,"column":28}},"60":{"start":{"line":160,"column":2},"end":{"line":162,"column":4}},"61":{"start":{"line":161,"column":4},"end":{"line":161,"column":56}}},"branchMap":{"1":{"line":47,"type":"if","locations":[{"start":{"line":47,"column":4},"end":{"line":47,"column":4}},{"start":{"line":47,"column":4},"end":{"line":47,"column":4}}]},"2":{"line":54,"type":"if","locations":[{"start":{"line":54,"column":4},"end":{"line":54,"column":4}},{"start":{"line":54,"column":4},"end":{"line":54,"column":4}}]},"3":{"line":73,"type":"if","locations":[{"start":{"line":73,"column":4},"end":{"line":73,"column":4}},{"start":{"line":73,"column":4},"end":{"line":73,"column":4}}]},"4":{"line":80,"type":"if","locations":[{"start":{"line":80,"column":4},"end":{"line":80,"column":4}},{"start":{"line":80,"column":4},"end":{"line":80,"column":4}}]},"5":{"line":97,"type":"if","locations":[{"start":{"line":97,"column":4},"end":{"line":97,"column":4}},{"start":{"line":97,"column":4},"end":{"line":97,"column":4}}]},"6":{"line":104,"type":"if","locations":[{"start":{"line":104,"column":4},"end":{"line":104,"column":4}},{"start":{"line":104,"column":4},"end":{"line":104,"column":4}}]},"7":{"line":107,"type":"if","locations":[{"start":{"line":107,"column":4},"end":{"line":107,"column":4}},{"start":{"line":107,"column":4},"end":{"line":107,"column":4}}]},"8":{"line":131,"type":"if","locations":[{"start":{"line":131,"column":4},"end":{"line":131,"column":4}},{"start":{"line":131,"column":4},"end":{"line":131,"column":4}}]},"9":{"line":140,"type":"if","locations":[{"start":{"line":140,"column":8},"end":{"line":140,"column":8}},{"start":{"line":140,"column":8},"end":{"line":140,"column":8}}]},"10":{"line":140,"type":"binary-expr","locations":[{"start":{"line":140,"column":12},"end":{"line":140,"column":23}},{"start":{"line":140,"column":27},"end":{"line":140,"column":38}}]}},"code":["// Generated by CoffeeScript 1.10.0","(function() {","  var Sprout, W, _, fs, global_config, nodefn, remove_roots_config, sprout;","","  fs = require('fs');","","  _ = require('lodash');","","  W = require('when');","","  nodefn = require('when/node');","","  Sprout = require('../sprout');","","  global_config = require('../global_config');","","  sprout = Sprout();","","","  /**","   * Adds a template to sprout. Delegates directly to sprout's API.","   *","   * @todo  prepend templates with 'roots-''","   * @param {Object} args - can contain keys 'name', 'uri'","   * @return {Promise} a promise for the added template","   */","","  exports.add = function(args) {","    __track('api', {","      name: 'template-add',","      template: args.name","    });","    return sprout.add(args.name, args.uri, _.omit(args, 'name', 'uri')).then(function() {","      return \"template '\" + args.name + \"' added\";","    });","  };","","","  /**","   * Removes a template from sprout. Delegates directly to sprout's API.","   *","   * @param {Object} args - must contain key 'name'","   * @return {Promise} promise for removed template","   */","","  exports.remove = function(args) {","    if (args == null) {","      args = {};","    }","    __track('api', {","      name: 'template-remove',","      template: args.name","    });","    if (!args.name) {","      return W.reject(new Error('please provide a template name to remove'));","    }","    return sprout.remove(args.name).then(function() {","      return \"template '\" + args.name + \"' removed\";","    })[\"catch\"](function(err) {","      return W.reject(err);","    });","  };","","","  /**","   * List all templates. Delegates directly to sprout's API.","   * @param {Object} args - can contain key `pretty`","   * @return {String} a string colored and formatted for the terminal","   */","","  exports.list = function(args) {","    var templates;","    if (args == null) {","      args = {};","    }","    __track('api', {","      name: 'template-list'","    });","    templates = _.keys(sprout.templates);","    if (args.pretty) {","      return \"\\n- \" + (templates.join('\\n- ')) + \"\\n\";","    } else {","      return templates;","    }","  };","","","  /**","   * Set the default template used with roots new when one isn't supplied.","   *","   * @param  {Object} args - must contain key 'name'","   * @return {Promise} a promise that your template is the default","   */","","  exports[\"default\"] = function(args) {","    var config;","    if (args == null) {","      args = {};","    }","    __track('api', {","      name: 'template-default',","      template: args.name","    });","    if (!args.name) {","      return W.reject(new Error('please provide a template name'));","    }","    if (!_.includes(_.keys(sprout.templates), args.name)) {","      return W.reject(new Error(\"you do not have this template installed\"));","    }","    config = global_config();","    config.set('default_template', args.name);","    return W.resolve(\"default template set to '\" + args.name + \"'\");","  };","","","  /**","   * Resets the global config file and removes all installed sprout templates.","   *","   * @param  {Boolean} override - do not confirm via stdin if true","   * @return {Promise} a promise for reset templates","   *","   * istanbul ignore next","   */","","  exports.reset = function(override) {","    var deferred;","    __track('api', {","      name: 'template-reset'","    });","    deferred = W.defer();","    if (override) {","      remove_roots_config(deferred);","    } else {","      process.stdout.write('are you sure? (y/n) '.yellow);","      process.stdin.resume();","      process.stdin.setEncoding('utf8');","      process.stdin.on('data', function(txt) {","        process.stdin.pause();","        txt = txt.trim();","        if (txt === 'y' || txt === 'Y') {","          return remove_roots_config(deferred);","        }","        return deferred.reject('reset cancelled');","      });","    }","    return deferred.promise;","  };","","","  /**","   * Removes all other templates and global config.","   *","   * @private","   * @param  {Object} deferred - deferred object","   * @return {Promise} promise for finished task","   *","   * istanbul ignore next","   */","","  remove_roots_config = function(deferred) {","    return nodefn.call(fs.unlink, global_config().path);","  };","","}).call(this);",""],"l":{"2":1,"3":1,"5":1,"7":1,"9":1,"11":1,"13":1,"15":1,"17":1,"28":1,"29":0,"33":0,"34":0,"46":1,"47":0,"48":0,"50":0,"54":0,"55":0,"57":0,"58":0,"60":0,"71":1,"72":0,"73":0,"74":0,"76":0,"79":0,"80":0,"81":0,"83":0,"95":1,"96":0,"97":0,"98":0,"100":0,"104":0,"105":0,"107":0,"108":0,"110":0,"111":0,"112":0,"125":1,"126":0,"127":0,"130":0,"131":0,"132":0,"134":0,"135":0,"136":0,"137":0,"138":0,"139":0,"140":0,"141":0,"143":0,"146":0,"160":1,"161":0}},"/home/travis/build/npmtest/node-npmtest-roots/node_modules/roots/lib/sprout.js":{"path":"/home/travis/build/npmtest/node-npmtest-roots/node_modules/roots/lib/sprout.js","s":{"1":1,"2":1,"3":1,"4":1,"5":1,"6":1,"7":1,"8":1,"9":1,"10":1,"11":1,"12":1,"13":0,"14":1},"b":{"1":[0,1]},"f":{"1":1,"2":1},"fnMap":{"1":{"name":"(anonymous_1)","line":2,"loc":{"start":{"line":2,"column":1},"end":{"line":2,"column":12}}},"2":{"name":"(anonymous_2)","line":17,"loc":{"start":{"line":17,"column":19},"end":{"line":17,"column":30}}}},"statementMap":{"1":{"start":{"line":2,"column":0},"end":{"line":26,"column":14}},"2":{"start":{"line":3,"column":2},"end":{"line":3,"column":53}},"3":{"start":{"line":5,"column":2},"end":{"line":5,"column":29}},"4":{"start":{"line":7,"column":2},"end":{"line":7,"column":25}},"5":{"start":{"line":9,"column":2},"end":{"line":9,"column":27}},"6":{"start":{"line":11,"column":2},"end":{"line":11,"column":29}},"7":{"start":{"line":13,"column":2},"end":{"line":13,"column":21}},"8":{"start":{"line":15,"column":2},"end":{"line":15,"column":45}},"9":{"start":{"line":17,"column":2},"end":{"line":24,"column":4}},"10":{"start":{"line":18,"column":4},"end":{"line":18,"column":17}},"11":{"start":{"line":19,"column":4},"end":{"line":19,"column":57}},"12":{"start":{"line":20,"column":4},"end":{"line":22,"column":5}},"13":{"start":{"line":21,"column":6},"end":{"line":21,"column":28}},"14":{"start":{"line":23,"column":4},"end":{"line":23,"column":32}}},"branchMap":{"1":{"line":20,"type":"if","locations":[{"start":{"line":20,"column":4},"end":{"line":20,"column":4}},{"start":{"line":20,"column":4},"end":{"line":20,"column":4}}]}},"code":["// Generated by CoffeeScript 1.10.0","(function() {","  var Sprout, fs, global_config, mkdirp, osenv, path;","","  Sprout = require('sprout');","","  path = require('path');","","  osenv = require('osenv');","","  mkdirp = require('mkdirp');","","  fs = require('fs');","","  global_config = require('./global_config');","","  module.exports = function() {","    var tpl_path;","    tpl_path = path.join(global_config.dir, 'templates');","    if (!fs.existsSync(tpl_path)) {","      mkdirp.sync(tpl_path);","    }","    return new Sprout(tpl_path);","  };","","}).call(this);",""],"l":{"2":1,"3":1,"5":1,"7":1,"9":1,"11":1,"13":1,"15":1,"17":1,"18":1,"19":1,"20":1,"21":0,"23":1}},"/home/travis/build/npmtest/node-npmtest-roots/node_modules/roots/post_install.js":{"path":"/home/travis/build/npmtest/node-npmtest-roots/node_modules/roots/post_install.js","s":{"1":1,"2":1,"3":1,"4":1,"5":1,"6":1,"7":1,"8":1,"9":1,"10":1,"11":1,"12":1,"13":1,"14":1,"15":1,"16":1},"b":{},"f":{},"fnMap":{},"statementMap":{"1":{"start":{"line":1,"column":0},"end":{"line":1,"column":33}},"2":{"start":{"line":2,"column":0},"end":{"line":2,"column":17}},"3":{"start":{"line":3,"column":0},"end":{"line":3,"column":30}},"4":{"start":{"line":4,"column":0},"end":{"line":4,"column":50}},"5":{"start":{"line":6,"column":0},"end":{"line":6,"column":77}},"6":{"start":{"line":7,"column":0},"end":{"line":7,"column":66}},"7":{"start":{"line":8,"column":0},"end":{"line":8,"column":69}},"8":{"start":{"line":9,"column":0},"end":{"line":9,"column":68}},"9":{"start":{"line":10,"column":0},"end":{"line":10,"column":70}},"10":{"start":{"line":11,"column":0},"end":{"line":11,"column":69}},"11":{"start":{"line":12,"column":0},"end":{"line":12,"column":78}},"12":{"start":{"line":13,"column":0},"end":{"line":13,"column":15}},"13":{"start":{"line":14,"column":0},"end":{"line":14,"column":73}},"14":{"start":{"line":15,"column":0},"end":{"line":15,"column":87}},"15":{"start":{"line":16,"column":0},"end":{"line":16,"column":77}},"16":{"start":{"line":19,"column":0},"end":{"line":19,"column":30}}},"branchMap":{},"code":["require('coffee-script/register')","require('colors')","var mkdirp = require('mkdirp')","var global_config = require('./lib/global_config')","","console.log('---------------------------------------------------------'.grey)","console.log('Roots uses analytics to help the core team to get a')","console.log('better view of how developers use roots. All analytics')","console.log('are collected anonymously, and analytics data is used')","console.log('only to make roots better for everyone. However, if you')","console.log('would like to disable analytics, you are welcome to do')","console.log('so by running the command ' + '`roots analytics --disable`'.bold)","console.log('')","console.log('Much like roots itself, roots\\' analytics are open source.')","console.log('Check out ' + 'http://roots.cx/analytics'.bold + ' for more information.')","console.log('---------------------------------------------------------'.grey)","","// create roots' global config directory","mkdirp.sync(global_config.dir)",""],"l":{"1":1,"2":1,"3":1,"4":1,"6":1,"7":1,"8":1,"9":1,"10":1,"11":1,"12":1,"13":1,"14":1,"15":1,"16":1,"19":1}},"/home/travis/build/npmtest/node-npmtest-roots/node_modules/roots/src/browser/main.js":{"path":"/home/travis/build/npmtest/node-npmtest-roots/node_modules/roots/src/browser/main.js","s":{"1":2,"2":2,"3":0,"4":0,"5":0,"6":0,"7":0,"8":0,"9":0,"10":1,"11":0,"12":0,"13":1,"14":0,"15":0,"16":0,"17":0,"18":0,"19":1,"20":0,"21":0,"22":1,"23":0,"24":0,"25":0,"26":0,"27":0,"28":0,"29":0,"30":1,"31":0,"32":0,"33":0,"34":0,"35":0,"36":0,"37":1,"38":0,"39":0},"b":{"1":[0,0],"2":[0,0],"3":[0,0],"4":[0,0],"5":[0,0]},"f":{"1":2,"2":0,"3":0,"4":0,"5":0,"6":0,"7":0,"8":0,"9":0},"fnMap":{"1":{"name":"(anonymous_1)","line":1,"loc":{"start":{"line":1,"column":2},"end":{"line":1,"column":12}}},"2":{"name":"(anonymous_2)","line":10,"loc":{"start":{"line":10,"column":12},"end":{"line":10,"column":22}}},"3":{"name":"handle_msg","line":16,"loc":{"start":{"line":16,"column":2},"end":{"line":16,"column":26}}},"4":{"name":"insert_css","line":21,"loc":{"start":{"line":21,"column":2},"end":{"line":21,"column":23}}},"5":{"name":"load_config","line":29,"loc":{"start":{"line":29,"column":2},"end":{"line":29,"column":24}}},"6":{"name":"(anonymous_6)","line":30,"loc":{"start":{"line":30,"column":41},"end":{"line":30,"column":51}}},"7":{"name":"show_error","line":33,"loc":{"start":{"line":33,"column":2},"end":{"line":33,"column":28}}},"8":{"name":"show_compiling","line":43,"loc":{"start":{"line":43,"column":2},"end":{"line":43,"column":27}}},"9":{"name":"remove_compiling","line":52,"loc":{"start":{"line":52,"column":2},"end":{"line":52,"column":29}}}},"statementMap":{"1":{"start":{"line":1,"column":0},"end":{"line":57,"column":5}},"2":{"start":{"line":2,"column":2},"end":{"line":2,"column":28}},"3":{"start":{"line":3,"column":2},"end":{"line":3,"column":63}},"4":{"start":{"line":4,"column":2},"end":{"line":4,"column":59}},"5":{"start":{"line":5,"column":2},"end":{"line":5,"column":50}},"6":{"start":{"line":7,"column":2},"end":{"line":11,"column":3}},"7":{"start":{"line":10,"column":24},"end":{"line":10,"column":37}},"8":{"start":{"line":13,"column":2},"end":{"line":13,"column":15}},"9":{"start":{"line":14,"column":2},"end":{"line":14,"column":16}},"10":{"start":{"line":16,"column":2},"end":{"line":19,"column":3}},"11":{"start":{"line":17,"column":4},"end":{"line":17,"column":35}},"12":{"start":{"line":18,"column":4},"end":{"line":18,"column":33}},"13":{"start":{"line":21,"column":2},"end":{"line":27,"column":3}},"14":{"start":{"line":22,"column":4},"end":{"line":22,"column":47}},"15":{"start":{"line":23,"column":4},"end":{"line":23,"column":44}},"16":{"start":{"line":24,"column":4},"end":{"line":24,"column":43}},"17":{"start":{"line":25,"column":4},"end":{"line":25,"column":54}},"18":{"start":{"line":26,"column":4},"end":{"line":26,"column":37}},"19":{"start":{"line":29,"column":2},"end":{"line":31,"column":3}},"20":{"start":{"line":30,"column":4},"end":{"line":30,"column":54}},"21":{"start":{"line":30,"column":23},"end":{"line":30,"column":54}},"22":{"start":{"line":33,"column":2},"end":{"line":41,"column":3}},"23":{"start":{"line":34,"column":4},"end":{"line":34,"column":23}},"24":{"start":{"line":35,"column":4},"end":{"line":35,"column":54}},"25":{"start":{"line":35,"column":48},"end":{"line":35,"column":54}},"26":{"start":{"line":37,"column":4},"end":{"line":37,"column":42}},"27":{"start":{"line":38,"column":4},"end":{"line":38,"column":82}},"28":{"start":{"line":39,"column":4},"end":{"line":39,"column":105}},"29":{"start":{"line":40,"column":4},"end":{"line":40,"column":34}},"30":{"start":{"line":43,"column":2},"end":{"line":50,"column":3}},"31":{"start":{"line":44,"column":4},"end":{"line":44,"column":28}},"32":{"start":{"line":45,"column":4},"end":{"line":45,"column":63}},"33":{"start":{"line":45,"column":57},"end":{"line":45,"column":63}},"34":{"start":{"line":47,"column":4},"end":{"line":47,"column":43}},"35":{"start":{"line":48,"column":4},"end":{"line":48,"column":248}},"36":{"start":{"line":49,"column":4},"end":{"line":49,"column":34}},"37":{"start":{"line":52,"column":2},"end":{"line":55,"column":3}},"38":{"start":{"line":53,"column":4},"end":{"line":53,"column":61}},"39":{"start":{"line":54,"column":4},"end":{"line":54,"column":34}}},"branchMap":{"1":{"line":3,"type":"cond-expr","locations":[{"start":{"line":3,"column":44},"end":{"line":3,"column":51}},{"start":{"line":3,"column":54},"end":{"line":3,"column":62}}]},"2":{"line":30,"type":"if","locations":[{"start":{"line":30,"column":4},"end":{"line":30,"column":4}},{"start":{"line":30,"column":4},"end":{"line":30,"column":4}}]},"3":{"line":35,"type":"if","locations":[{"start":{"line":35,"column":4},"end":{"line":35,"column":4}},{"start":{"line":35,"column":4},"end":{"line":35,"column":4}}]},"4":{"line":38,"type":"cond-expr","locations":[{"start":{"line":38,"column":37},"end":{"line":38,"column":76}},{"start":{"line":38,"column":79},"end":{"line":38,"column":81}}]},"5":{"line":45,"type":"if","locations":[{"start":{"line":45,"column":4},"end":{"line":45,"column":4}},{"start":{"line":45,"column":4},"end":{"line":45,"column":4}}]}},"code":["!(function(){","  var loc = window.location;","  var protocol = loc.protocol === 'http:' ? 'ws://' : 'wss://';","  var address = protocol + loc.host + loc.pathname + '/ws';","  (new WebSocket(address)).onmessage = handle_msg;","","  var handlers = {","    error: show_error,","    compiling: show_compiling,","    reload: function(){ loc.reload() }","  }","","  insert_css();","  load_config();","","  function handle_msg(msg){","    var msg = JSON.parse(msg.data);","    handlers[msg.type](msg.data);","  }","","  function insert_css(){","    var style = document.createElement(\"link\");","    style.setAttribute(\"rel\", \"stylesheet\");","    style.setAttribute(\"type\", \"text/css\");","    style.setAttribute(\"href\", \"/__roots__/main.css\");","    document.head.appendChild(style);","  }","","  function load_config(){","    if (!__livereload) handlers.reload = function(){};","  }","","  function show_error(error){","    remove_compiling();","    if (document.getElementById('roots-error')) return","","    var el = document.createElement(\"div\")","    var cleanError = error.replace ? error.replace(/(\\r\\n|\\n|\\r)/gm, '<br>') : \"\";","    el.innerHTML = \"<div id='roots-error'><pre><span>compile error</span>\" + cleanError + \"</pre></div>\";","    document.body.appendChild(el);","  }","","  function show_compiling(){","    console.log('compiling')","    if (document.getElementById('roots-load-container')) return","","    var el = document.createElement(\"div\");","    el.innerHTML = '<div id=\"roots-load-container\"><div id=\"roots-compile-loader\"><div id=\"l1\"></div><div id=\"l2\"></div><div id=\"l3\"></div><div id=\"l4\"></div><div id=\"l5\"></div><div id=\"l6\"></div><div id=\"l7\"></div><div id=\"l8\"></div></div></div>';","    document.body.appendChild(el);","  }","","  function remove_compiling(){","    var el = document.getElementById('roots-load-container');","    el.parentNode.removeChild(el);","  }","","}());",""],"l":{"1":2,"2":2,"3":0,"4":0,"5":0,"7":0,"10":0,"13":0,"14":0,"16":1,"17":0,"18":0,"21":1,"22":0,"23":0,"24":0,"25":0,"26":0,"29":1,"30":0,"33":1,"34":0,"35":0,"37":0,"38":0,"39":0,"40":0,"43":1,"44":0,"45":0,"47":0,"48":0,"49":0,"52":1,"53":0,"54":0}}}